生成启动时间为 2018/4/10 20:05:18。
     1>项目“C:\work\trunk\EndpointProduct\storageDLP\OtherDemo\windows程序内部运行机制-第一章\dll1\dll1.vcxproj”在节点 2 上(rebuild 个目标)。
     1>_PrepareForClean:
         正在删除文件“Debug\dll1.lastbuildstate”。
       InitializeBuildStatus:
         正在创建“Debug\dll1.unsuccessfulbuild”，因为已指定“AlwaysCreate”。
       ClCompile:
         C:\Program Files (x86)\Microsoft Visual Studio 10.0\VC\bin\CL.exe /c /ZI /nologo /W3 /WX- /Od /Oy- /D _WINDLL /D _UNICODE /D UNICODE /Gm /EHsc /RTC1 /MDd /GS /fp:precise /Zc:wchar_t /Zc:forScope /Fo"Debug\\" /Fd"Debug\vc100.pdb" /Gd /TP /analyze- /errorReport:prompt dll1.cpp
         dll1.cpp
       Link:
         C:\Program Files (x86)\Microsoft Visual Studio 10.0\VC\bin\link.exe /ERRORREPORT:PROMPT /OUT:"C:\work\trunk\EndpointProduct\storageDLP\OtherDemo\windows程序内部运行机制-第一章\Debug\dll1.dll" /NOLOGO kernel32.lib user32.lib gdi32.lib winspool.lib comdlg32.lib advapi32.lib shell32.lib ole32.lib oleaut32.lib uuid.lib odbc32.lib odbccp32.lib /DEF:"dll1.def" /MANIFEST /ManifestFile:"Debug\dll1.dll.intermediate.manifest" /MANIFESTUAC:"level='asInvoker' uiAccess='false'" /DEBUG /PDB:"C:\work\trunk\EndpointProduct\storageDLP\OtherDemo\windows程序内部运行机制-第一章\Debug\dll1.pdb" /TLBID:1 /DYNAMICBASE /NXCOMPAT /IMPLIB:"C:\work\trunk\EndpointProduct\storageDLP\OtherDemo\windows程序内部运行机制-第一章\Debug\dll1.lib" /MACHINE:X86 /DLL Debug\dll1.obj
            正在创建库 C:\work\trunk\EndpointProduct\storageDLP\OtherDemo\windows程序内部运行机制-第一章\Debug\dll1.lib 和对象 C:\work\trunk\EndpointProduct\storageDLP\OtherDemo\windows程序内部运行机制-第一章\Debug\dll1.exp
         dll1.vcxproj -> C:\work\trunk\EndpointProduct\storageDLP\OtherDemo\windows程序内部运行机制-第一章\Debug\dll1.dll
       Manifest:
         C:\Program Files (x86)\Microsoft SDKs\Windows\v7.0A\bin\mt.exe /nologo /verbose /outputresource:"C:\work\trunk\EndpointProduct\storageDLP\OtherDemo\windows程序内部运行机制-第一章\Debug\dll1.dll;#2" /manifest Debug\dll1.dll.intermediate.manifest
       FinalizeBuildStatus:
         正在删除文件“Debug\dll1.unsuccessfulbuild”。
         正在对“Debug\dll1.lastbuildstate”执行 Touch 任务。
     1>已完成生成项目“C:\work\trunk\EndpointProduct\storageDLP\OtherDemo\windows程序内部运行机制-第一章\dll1\dll1.vcxproj”(rebuild 个目标)的操作。

生成成功。

已用时间 00:00:01.92
