DEBUG 2018-03-24 22:36:29[6820] : ------------------DuiVision??????-2.8.0.1 Start-------------------
DEBUG 2018-03-24 22:36:29[6820] : CDuiHandlerMain::OnDuiMessage:uID=905, name=skin.wnd, msg=1, wParam=17819492, lParam=0
DEBUG 2018-03-24 22:36:29[6820] : CDuiHandlerMain::OnDuiMessage:uID=905, name=skin.wnd, msg=2, wParam=0, lParam=17819480
ERROR 2018-03-24 22:36:30[6820] : Load UI plugin DuiPluginDemo_d.dll failed, errorcode is 2
DEBUG 2018-03-24 22:36:30[6820] : CDuiHandlerMain::OnDuiMessage:uID=1188, name=tab1, msg=-5501, wParam=17812272, lParam=17812288
DEBUG 2018-03-24 22:36:30[6820] : CDuiHandlerMain::OnDuiMessage:uID=1188, name=tab1, msg=-5502, wParam=17812272, lParam=17812288
DEBUG 2018-03-24 22:36:30[6820] : CDuiHandlerMain::OnDuiMessage:uID=1188, name=tab1, msg=-709, wParam=17811712, lParam=17811728
DEBUG 2018-03-24 22:36:30[6820] : CDuiHandlerMain::OnDuiMessage:uID=1188, name=tab1, msg=250, wParam=17786352, lParam=0
DEBUG 2018-03-24 22:36:30[6820] : CDuiHandlerMain::OnDuiMessage:uID=1188, name=tab1, msg=106, wParam=17795132, lParam=0
DEBUG 2018-03-24 22:36:30[6820] : CDuiHandlerMain::OnDuiMessage:uID=1188, name=tab1, msg=105, wParam=17795452, lParam=0
DEBUG 2018-03-24 22:36:30[6820] : CDuiHandlerMain::OnDuiMessage:uID=1188, name=tab1, msg=105, wParam=17795452, lParam=0
DEBUG 2018-03-24 22:36:30[6820] : CDuiHandlerMain::OnDuiMessage:uID=905, name=skin.wnd, msg=1, wParam=17820196, lParam=0
DEBUG 2018-03-24 22:36:30[6820] : CDuiHandlerMain::OnDuiMessage:uID=905, name=skin.wnd, msg=2, wParam=0, lParam=17820184
DEBUG 2018-03-24 22:36:30[6820] : CDuiHandlerMain::OnDuiMessage:uID=1189, name=ie_ctrl, msg=102, wParam=17815200, lParam=0
DEBUG 2018-03-24 22:36:30[6820] : CDuiHandlerMain::OnDuiMessage:uID=1189, name=ie_ctrl, msg=108, wParam=17821640, lParam=0
DEBUG 2018-03-24 22:36:30[6820] : CDuiHandlerMain::OnDuiMessage:uID=1189, name=ie_ctrl, msg=108, wParam=17821640, lParam=0
DEBUG 2018-03-24 22:36:31[6820] : CDuiHandlerMain::OnDuiMessage:uID=1189, name=ie_ctrl, msg=102, wParam=17815200, lParam=0
DEBUG 2018-03-24 22:36:31[6820] : CDuiHandlerMain::OnDuiMessage:uID=1189, name=ie_ctrl, msg=108, wParam=17821640, lParam=0
DEBUG 2018-03-24 22:36:31[6820] : CDuiHandlerMain::OnDuiMessage:uID=1189, name=ie_ctrl, msg=102, wParam=17815160, lParam=0
DEBUG 2018-03-24 22:36:31[6820] : CDuiHandlerMain::OnDuiMessage:uID=1189, name=ie_ctrl, msg=-709, wParam=17820788, lParam=17820872
DEBUG 2018-03-24 22:36:31[6820] : CDuiHandlerMain::OnDuiMessage:uID=1189, name=ie_ctrl, msg=-709, wParam=17820716, lParam=17820800
DEBUG 2018-03-24 22:36:31[6820] : CDuiHandlerMain::OnDuiMessage:uID=1189, name=ie_ctrl, msg=-5512, wParam=17820756, lParam=17820848
DEBUG 2018-03-24 22:36:31[6820] : CDuiHandlerMain::OnDuiMessage:uID=1189, name=ie_ctrl, msg=-5513, wParam=17820716, lParam=17820800
DEBUG 2018-03-24 22:36:31[6820] : CDuiHandlerMain::OnDuiMessage:uID=1189, name=ie_ctrl, msg=270, wParam=17817032, lParam=0
DEBUG 2018-03-24 22:36:31[6820] : CDuiHandlerMain::OnDuiMessage:uID=1189, name=ie_ctrl, msg=104, wParam=17811044, lParam=0
DEBUG 2018-03-24 22:36:31[6820] : CDuiHandlerMain::OnDuiMessage:uID=1189, name=ie_ctrl, msg=102, wParam=17810648, lParam=0
DEBUG 2018-03-24 22:36:31[6820] : CDuiHandlerMain::OnDuiMessage:uID=1189, name=ie_ctrl, msg=102, wParam=17810592, lParam=0
DEBUG 2018-03-24 22:36:31[6820] : CDuiHandlerMain::OnDuiMessage:uID=1189, name=ie_ctrl, msg=108, wParam=17816336, lParam=0
DEBUG 2018-03-24 22:36:31[6820] : CDuiHandlerMain::OnDuiMessage:uID=1189, name=ie_ctrl, msg=106, wParam=17820748, lParam=0
DEBUG 2018-03-24 22:36:31[6820] : CDuiHandlerMain::OnDuiMessage:uID=1191, name=webkit_ctrl, msg=14, wParam=100, lParam=2126161632
DEBUG 2018-03-24 22:36:31[6820] : CDuiHandlerMain::OnDuiMessage:uID=1191, name=webkit_ctrl, msg=14, wParam=101, lParam=2126675840
DEBUG 2018-03-24 22:36:31[6820] : CDuiHandlerMain::OnDuiMessage:uID=1189, name=ie_ctrl, msg=108, wParam=17816336, lParam=0
DEBUG 2018-03-24 22:36:33[6820] : CDuiHandlerMain::OnDuiMessage:uID=1030, name=tabctrl.main, msg=1, wParam=1, lParam=0
DEBUG 2018-03-24 22:36:34[6820] : CDuiHandlerMain::OnDuiMessage:uID=1030, name=tabctrl.main, msg=1, wParam=2, lParam=0
DEBUG 2018-03-24 22:36:34[6820] : CDuiHandlerMain::OnDuiMessage:uID=1030, name=tabctrl.main, msg=1, wParam=3, lParam=0
DEBUG 2018-03-24 22:36:35[6820] : CDuiHandlerMain::OnDuiMessage:uID=1030, name=tabctrl.main, msg=1, wParam=4, lParam=0
DEBUG 2018-03-24 22:36:35[6820] : CDuiHandlerMain::OnDuiMessage:uID=1030, name=tabctrl.main, msg=1, wParam=1, lParam=0
DEBUG 2018-03-24 22:36:36[6820] : CDuiHandlerMain::OnDuiMessage:uID=1030, name=tabctrl.main, msg=1, wParam=0, lParam=0
DEBUG 2018-03-24 22:36:37[6820] : CDuiHandlerMain::OnDuiMessage:uID=1087, name=edit1, msg=19, wParam=0, lParam=0
DEBUG 2018-03-24 22:36:37[6820] : CDuiHandlerMain::OnDuiMessage:uID=1087, name=edit1, msg=19, wParam=0, lParam=0
DEBUG 2018-03-24 22:36:37[6820] : CDuiHandlerMain::OnDuiMessage:uID=1087, name=edit1, msg=19, wParam=0, lParam=0
DEBUG 2018-03-24 22:36:38[6820] : CDuiHandlerMain::OnDuiMessage:uID=1087, name=edit1, msg=19, wParam=0, lParam=0
DEBUG 2018-03-24 22:36:38[6820] : CDuiHandlerMain::OnDuiMessage:uID=1087, name=edit1, msg=19, wParam=0, lParam=0
DEBUG 2018-03-24 22:36:38[6820] : CDuiHandlerMain::OnDuiMessage:uID=1087, name=edit1, msg=19, wParam=0, lParam=0
DEBUG 2018-03-24 22:36:38[6820] : CDuiHandlerMain::OnDuiMessage:uID=1087, name=edit1, msg=19, wParam=0, lParam=0
DEBUG 2018-03-24 22:36:38[6820] : CDuiHandlerMain::OnDuiMessage:uID=1087, name=edit1, msg=19, wParam=0, lParam=0
DEBUG 2018-03-24 22:36:39[6820] : CDuiHandlerMain::OnDuiMessage:uID=1087, name=edit1, msg=19, wParam=0, lParam=0
DEBUG 2018-03-24 22:36:39[6820] : CDuiHandlerMain::OnDuiMessage:uID=1087, name=edit1, msg=19, wParam=0, lParam=0
DEBUG 2018-03-24 22:36:39[6820] : CDuiHandlerMain::OnDuiMessage:uID=1087, name=edit1, msg=19, wParam=0, lParam=0
DEBUG 2018-03-24 22:36:39[6820] : CDuiHandlerMain::OnDuiMessage:uID=1087, name=edit1, msg=19, wParam=0, lParam=0
DEBUG 2018-03-24 22:36:40[6820] : CDuiHandlerMain::OnDuiMessage:uID=1087, name=edit1, msg=19, wParam=0, lParam=0
DEBUG 2018-03-24 22:36:40[6820] : CDuiHandlerMain::OnDuiMessage:uID=1087, name=edit1, msg=19, wParam=0, lParam=0
DEBUG 2018-03-24 22:36:40[6820] : CDuiHandlerMain::OnDuiMessage:uID=1189, name=ie_ctrl, msg=108, wParam=17816336, lParam=0
DEBUG 2018-03-24 22:36:40[6820] : CDuiHandlerMain::OnDuiMessage:uID=1189, name=ie_ctrl, msg=108, wParam=17816336, lParam=0
DEBUG 2018-03-24 22:36:40[6820] : CDuiHandlerMain::OnDuiMessage:uID=1189, name=ie_ctrl, msg=108, wParam=17816336, lParam=0
DEBUG 2018-03-24 22:36:40[6820] : CDuiHandlerMain::OnDuiMessage:uID=1189, name=ie_ctrl, msg=108, wParam=17816336, lParam=0
DEBUG 2018-03-24 22:36:40[6820] : CDuiHandlerMain::OnDuiMessage:uID=1030, name=tabctrl.main, msg=1, wParam=1, lParam=0
DEBUG 2018-03-24 22:36:41[6820] : CDuiHandlerMain::OnDuiMessage:uID=1189, name=ie_ctrl, msg=108, wParam=17816336, lParam=0
DEBUG 2018-03-24 22:36:41[6820] : CDuiHandlerMain::OnDuiMessage:uID=1189, name=ie_ctrl, msg=108, wParam=17816336, lParam=0
DEBUG 2018-03-24 22:36:41[6820] : CDuiHandlerMain::OnDuiMessage:uID=1189, name=ie_ctrl, msg=108, wParam=17816336, lParam=0
DEBUG 2018-03-24 22:36:41[6820] : CDuiHandlerMain::OnDuiMessage:uID=1189, name=ie_ctrl, msg=108, wParam=17816336, lParam=0
DEBUG 2018-03-24 22:36:41[6820] : CDuiHandlerMain::OnDuiMessage:uID=1189, name=ie_ctrl, msg=108, wParam=17816336, lParam=0
DEBUG 2018-03-24 22:36:41[6820] : CDuiHandlerMain::OnDuiMessage:uID=1189, name=ie_ctrl, msg=108, wParam=17816336, lParam=0
DEBUG 2018-03-24 22:36:41[6820] : CDuiHandlerMain::OnDuiMessage:uID=1189, name=ie_ctrl, msg=108, wParam=17816336, lParam=0
DEBUG 2018-03-24 22:36:41[6820] : CDuiHandlerMain::OnDuiMessage:uID=1189, name=ie_ctrl, msg=108, wParam=17816336, lParam=0
DEBUG 2018-03-24 22:36:41[6820] : CDuiHandlerMain::OnDuiMessage:uID=1189, name=ie_ctrl, msg=108, wParam=17816336, lParam=0
DEBUG 2018-03-24 22:36:41[6820] : CDuiHandlerMain::OnDuiMessage:uID=1189, name=ie_ctrl, msg=269, wParam=17820912, lParam=0
DEBUG 2018-03-24 22:36:41[6820] : CDuiHandlerMain::OnDuiMessage:uID=1189, name=ie_ctrl, msg=269, wParam=17821080, lParam=0
DEBUG 2018-03-24 22:36:41[6820] : CDuiHandlerMain::OnDuiMessage:uID=1189, name=ie_ctrl, msg=102, wParam=17820480, lParam=0
DEBUG 2018-03-24 22:36:41[6820] : CDuiHandlerMain::OnDuiMessage:uID=1189, name=ie_ctrl, msg=105, wParam=17812164, lParam=0
DEBUG 2018-03-24 22:36:41[6820] : CDuiHandlerMain::OnDuiMessage:uID=1189, name=ie_ctrl, msg=105, wParam=17812164, lParam=0
DEBUG 2018-03-24 22:36:41[6820] : CDuiHandlerMain::OnDuiMessage:uID=1189, name=ie_ctrl, msg=102, wParam=17805744, lParam=0
DEBUG 2018-03-24 22:36:41[6820] : CDuiHandlerMain::OnDuiMessage:uID=1189, name=ie_ctrl, msg=102, wParam=17810480, lParam=0
DEBUG 2018-03-24 22:36:41[6820] : CDuiHandlerMain::OnDuiMessage:uID=1189, name=ie_ctrl, msg=269, wParam=17811496, lParam=0
DEBUG 2018-03-24 22:36:41[6820] : CDuiHandlerMain::OnDuiMessage:uID=1189, name=ie_ctrl, msg=269, wParam=17811664, lParam=0
DEBUG 2018-03-24 22:36:41[6820] : CDuiHandlerMain::OnDuiMessage:uID=1189, name=ie_ctrl, msg=105, wParam=17812244, lParam=0
DEBUG 2018-03-24 22:36:41[6820] : CDuiHandlerMain::OnDuiMessage:uID=1189, name=ie_ctrl, msg=105, wParam=17812244, lParam=0
DEBUG 2018-03-24 22:36:41[6820] : CDuiHandlerMain::OnDuiMessage:uID=1189, name=ie_ctrl, msg=105, wParam=17812280, lParam=0
DEBUG 2018-03-24 22:36:41[6820] : CDuiHandlerMain::OnDuiMessage:uID=1189, name=ie_ctrl, msg=113, wParam=17811960, lParam=0
DEBUG 2018-03-24 22:36:41[6820] : CDuiHandlerMain::OnDuiMessage:uID=1189, name=ie_ctrl, msg=252, wParam=17811944, lParam=0
DEBUG 2018-03-24 22:36:41[6820] : CDuiHandlerMain::OnDuiMessage:uID=1189, name=ie_ctrl, msg=269, wParam=17806440, lParam=0
DEBUG 2018-03-24 22:36:41[6820] : CDuiHandlerMain::OnDuiMessage:uID=1189, name=ie_ctrl, msg=269, wParam=17806608, lParam=0
DEBUG 2018-03-24 22:36:41[6820] : CDuiHandlerMain::OnDuiMessage:uID=1189, name=ie_ctrl, msg=108, wParam=17815376, lParam=0
DEBUG 2018-03-24 22:36:41[6820] : CDuiHandlerMain::OnDuiMessage:uID=1189, name=ie_ctrl, msg=102, wParam=17820240, lParam=0
DEBUG 2018-03-24 22:36:41[6820] : CDuiHandlerMain::OnDuiMessage:uID=1189, name=ie_ctrl, msg=108, wParam=17815376, lParam=0
DEBUG 2018-03-24 22:36:41[6820] : CDuiHandlerMain::OnDuiMessage:uID=1189, name=ie_ctrl, msg=105, wParam=17822568, lParam=0
DEBUG 2018-03-24 22:36:41[6820] : CDuiHandlerMain::OnDuiMessage:uID=1189, name=ie_ctrl, msg=113, wParam=17815032, lParam=0
DEBUG 2018-03-24 22:36:41[6820] : CDuiHandlerMain::OnDuiMessage:uID=1030, name=tabctrl.main, msg=1, wParam=2, lParam=0
DEBUG 2018-03-24 22:36:42[6820] : CDuiHandlerMain::OnDuiMessage:uID=1030, name=tabctrl.main, msg=1, wParam=3, lParam=0
DEBUG 2018-03-24 22:36:42[6820] : CDuiHandlerMain::OnDuiMessage:uID=1030, name=tabctrl.main, msg=1, wParam=4, lParam=0
DEBUG 2018-03-24 22:36:42[6820] : CDuiHandlerMain::OnDuiMessage:uID=1030, name=tabctrl.main, msg=1, wParam=5, lParam=0
DEBUG 2018-03-24 22:36:43[6820] : CDuiHandlerMain::OnDuiMessage:uID=1030, name=tabctrl.main, msg=1, wParam=6, lParam=0
DEBUG 2018-03-24 22:36:43[6820] : CDuiHandlerMain::OnDuiMessage:uID=905, name=skin.wnd, msg=1, wParam=17817172, lParam=0
DEBUG 2018-03-24 22:36:43[6820] : CDuiHandlerMain::OnDuiMessage:uID=905, name=skin.wnd, msg=2, wParam=0, lParam=17817160
DEBUG 2018-03-24 22:36:43[6820] : CDuiHandlerMain::OnDuiMessage:uID=1207, name=tabctrl.360, msg=1, wParam=6, lParam=0
DEBUG 2018-03-24 22:36:45[6820] : CDuiHandlerMain::OnDuiMessage:uID=1207, name=tabctrl.360, msg=1, wParam=7, lParam=0
DEBUG 2018-03-24 22:36:50[6820] : CDuiHandlerMain::OnDuiMessage:uID=1207, name=tabctrl.360, msg=1, wParam=6, lParam=0
DEBUG 2018-03-24 22:36:52[6820] : CDuiHandlerMain::OnDuiMessage:uID=1207, name=tabctrl.360, msg=1, wParam=7, lParam=0
DEBUG 2018-03-24 22:36:53[6820] : CDuiHandlerMain::OnDuiMessage:uID=1207, name=tabctrl.360, msg=1, wParam=6, lParam=0
DEBUG 2018-03-24 22:36:53[6820] : CDuiHandlerMain::OnDuiMessage:uID=1207, name=tabctrl.360, msg=1, wParam=4, lParam=0
DEBUG 2018-03-24 22:36:54[6820] : CDuiHandlerMain::OnDuiMessage:uID=1207, name=tabctrl.360, msg=1, wParam=3, lParam=0
DEBUG 2018-03-24 22:36:54[6820] : CDuiHandlerMain::OnDuiMessage:uID=1207, name=tabctrl.360, msg=1, wParam=2, lParam=0
DEBUG 2018-03-24 22:36:54[6820] : CDuiHandlerMain::OnDuiMessage:uID=1207, name=tabctrl.360, msg=1, wParam=1, lParam=0
DEBUG 2018-03-24 22:36:55[6820] : CDuiHandlerMain::OnDuiMessage:uID=1207, name=tabctrl.360, msg=1, wParam=0, lParam=0
DEBUG 2018-03-24 22:36:57[6820] : CDuiHandlerMain::OnDuiMessage:uID=1213, name=, msg=1, wParam=0, lParam=0
DEBUG 2018-03-24 22:36:57[6820] : CDuiHandlerMain::OnDuiMessage:uID=1213, name=, msg=2, wParam=0, lParam=0
DEBUG 2018-03-24 22:36:57[6820] : CDuiHandlerMain::OnDuiMessage:uID=1213, name=, msg=1, wParam=0, lParam=0
DEBUG 2018-03-24 22:36:57[6820] : CDuiHandlerMain::OnDuiMessage:uID=1213, name=, msg=2, wParam=0, lParam=0
DEBUG 2018-03-24 22:36:57[6820] : CDuiHandlerMain::OnDuiMessage:uID=1213, name=, msg=1, wParam=0, lParam=0
DEBUG 2018-03-24 22:36:57[6820] : CDuiHandlerMain::OnDuiMessage:uID=1213, name=, msg=2, wParam=0, lParam=0
DEBUG 2018-03-24 22:37:00[6820] : CDuiHandlerMain::OnDuiMessage:uID=1189, name=ie_ctrl, msg=102, wParam=17820512, lParam=0
DEBUG 2018-03-24 22:37:01[6820] : CDuiHandlerMain::OnDuiMessage:uID=1189, name=ie_ctrl, msg=105, wParam=17822568, lParam=0
DEBUG 2018-03-24 22:37:01[6820] : CDuiHandlerMain::OnDuiMessage:uID=1087, name=edit1, msg=19, wParam=0, lParam=0
DEBUG 2018-03-24 22:37:01[6820] : CDuiHandlerMain::OnDuiMessage:uID=1087, name=edit1, msg=19, wParam=0, lParam=0
DEBUG 2018-03-24 22:37:01[6820] : CDuiHandlerMain::OnDuiMessage:uID=1187, name=tabctrl.browser, msg=1, wParam=1, lParam=0
DEBUG 2018-03-24 22:37:01[6820] : CDuiHandlerMain::OnDuiMessage:uID=1189, name=ie_ctrl, msg=102, wParam=17817288, lParam=0
DEBUG 2018-03-24 22:37:02[6820] : CDuiHandlerMain::OnDuiMessage:uID=1030, name=tabctrl.main, msg=1, wParam=0, lParam=0
DEBUG 2018-03-24 22:37:02[6820] : CDuiHandlerMain::OnDuiMessage:uID=1189, name=ie_ctrl, msg=105, wParam=17822568, lParam=0
DEBUG 2018-03-24 22:37:03[6820] : CDuiHandlerMain::OnDuiMessage:uID=1030, name=tabctrl.main, msg=1, wParam=1, lParam=0
DEBUG 2018-03-24 22:37:04[6820] : CDuiHandlerMain::OnDuiMessage:uID=1030, name=tabctrl.main, msg=1, wParam=2, lParam=0
DEBUG 2018-03-24 22:37:04[6820] : CDuiHandlerMain::OnDuiMessage:uID=1030, name=tabctrl.main, msg=1, wParam=3, lParam=0
DEBUG 2018-03-24 22:37:04[6820] : CDuiHandlerMain::OnDuiMessage:uID=1030, name=tabctrl.main, msg=1, wParam=4, lParam=0
DEBUG 2018-03-24 22:37:05[6820] : CDuiHandlerMain::OnDuiMessage:uID=1030, name=tabctrl.main, msg=1, wParam=5, lParam=0
DEBUG 2018-03-24 22:37:05[6820] : CDuiHandlerMain::OnDuiMessage:uID=1030, name=tabctrl.main, msg=1, wParam=6, lParam=0
DEBUG 2018-03-24 22:37:06[6820] : CDuiHandlerMain::OnDuiMessage:uID=905, name=skin.wnd, msg=1, wParam=17817172, lParam=0
DEBUG 2018-03-24 22:37:06[6820] : CDuiHandlerMain::OnDuiMessage:uID=905, name=skin.wnd, msg=2, wParam=0, lParam=17817160
DEBUG 2018-03-24 22:37:06[6820] : CDuiHandlerMain::OnDuiMessage:uID=1237, name=tabctrl.360, msg=1, wParam=5, lParam=0
DEBUG 2018-03-24 22:37:09[6820] : CDuiHandlerMain::OnDuiMessage:uID=1189, name=ie_ctrl, msg=290, wParam=17820176, lParam=0
DEBUG 2018-03-24 22:37:09[6820] : CDuiHandlerMain::OnDuiMessage:uID=1189, name=ie_ctrl, msg=108, wParam=17815376, lParam=0
DEBUG 2018-03-24 22:37:09[6820] : CDuiHandlerMain::OnDuiMessage:uID=1189, name=ie_ctrl, msg=102, wParam=17820240, lParam=0
DEBUG 2018-03-24 22:37:10[6820] : CDuiHandlerMain::OnDuiMessage:uID=1189, name=ie_ctrl, msg=105, wParam=17812448, lParam=0
DEBUG 2018-03-24 22:37:10[6820] : CDuiHandlerMain::OnDuiMessage:uID=1189, name=ie_ctrl, msg=108, wParam=17806416, lParam=0
DEBUG 2018-03-24 22:37:10[6820] : CDuiHandlerMain::OnDuiMessage:uID=1189, name=ie_ctrl, msg=102, wParam=17811280, lParam=0
DEBUG 2018-03-24 22:37:11[6820] : CDuiHandlerMain::OnDuiMessage:uID=1189, name=ie_ctrl, msg=108, wParam=17806416, lParam=0
DEBUG 2018-03-24 22:37:11[6820] : CDuiHandlerMain::OnDuiMessage:uID=1189, name=ie_ctrl, msg=102, wParam=17811280, lParam=0
DEBUG 2018-03-24 22:37:11[6820] : CDuiHandlerMain::OnDuiMessage:uID=1189, name=ie_ctrl, msg=108, wParam=17806416, lParam=0
DEBUG 2018-03-24 22:37:11[6820] : CDuiHandlerMain::OnDuiMessage:uID=1189, name=ie_ctrl, msg=102, wParam=17811280, lParam=0
DEBUG 2018-03-24 22:37:16[6820] : CDuiHandlerMain::OnDuiMessage:uID=1189, name=ie_ctrl, msg=105, wParam=17813624, lParam=0
DEBUG 2018-03-24 22:37:17[6820] : CDuiHandlerMain::OnDuiMessage:uID=1189, name=ie_ctrl, msg=105, wParam=17811176, lParam=0
DEBUG 2018-03-24 22:37:17[6820] : CDuiHandlerMain::OnDuiMessage:uID=1189, name=ie_ctrl, msg=102, wParam=17820240, lParam=0
DEBUG 2018-03-24 22:37:17[6820] : CDuiHandlerMain::OnDuiMessage:uID=1189, name=ie_ctrl, msg=108, wParam=17815320, lParam=0
DEBUG 2018-03-24 22:37:17[6820] : CDuiHandlerMain::OnDuiMessage:uID=1189, name=ie_ctrl, msg=108, wParam=17815376, lParam=0
DEBUG 2018-03-24 22:37:17[6820] : CDuiHandlerMain::OnDuiMessage:uID=1189, name=ie_ctrl, msg=104, wParam=17820748, lParam=0
DEBUG 2018-03-24 22:37:17[6820] : CDuiHandlerMain::OnDuiMessage:uID=1189, name=ie_ctrl, msg=108, wParam=17820152, lParam=0
DEBUG 2018-03-24 22:37:17[6820] : CDuiHandlerMain::OnDuiMessage:uID=1189, name=ie_ctrl, msg=259, wParam=17820752, lParam=0
DEBUG 2018-03-24 22:37:17[6820] : CDuiHandlerMain::OnDuiMessage:uID=1087, name=edit1, msg=19, wParam=0, lParam=0
DEBUG 2018-03-24 22:37:18[6820] : CDuiHandlerMain::OnDuiMessage:uID=1189, name=ie_ctrl, msg=105, wParam=17822568, lParam=0
DEBUG 2018-03-24 22:37:18[6820] : CDuiHandlerMain::OnDuiMessage:uID=1189, name=ie_ctrl, msg=108, wParam=17822712, lParam=0
DEBUG 2018-03-24 22:37:18[6820] : CDuiHandlerMain::OnDuiMessage:uID=1030, name=tabctrl.main, msg=1, wParam=3, lParam=0
DEBUG 2018-03-24 22:37:19[6820] : CDuiHandlerMain::OnDuiMessage:uID=1030, name=tabctrl.main, msg=1, wParam=2, lParam=0
DEBUG 2018-03-24 22:37:19[6820] : CDuiHandlerMain::OnDuiMessage:uID=1030, name=tabctrl.main, msg=1, wParam=1, lParam=0
DEBUG 2018-03-24 22:37:20[6820] : CDuiHandlerMain::OnDuiMessage:uID=1030, name=tabctrl.main, msg=1, wParam=0, lParam=0
DEBUG 2018-03-24 22:37:24[6820] : CDuiHandlerMain::OnDuiMessage:uID=1087, name=edit1, msg=19, wParam=0, lParam=0
DEBUG 2018-03-24 22:37:24[6820] : CDuiHandlerMain::OnDuiMessage:uID=905, name=skin.wnd, msg=1, wParam=17815460, lParam=0
DEBUG 2018-03-24 22:37:24[6820] : CDuiHandlerMain::OnDuiMessage:uID=905, name=skin.wnd, msg=2, wParam=0, lParam=17815448
DEBUG 2018-03-24 22:37:28[6820] : CDuiHandlerMain::OnDuiMessage:uID=905, name=skin.wnd, msg=3, wParam=2, lParam=17817820
DEBUG 2018-03-24 22:37:28[6820] : CDuiHandlerMain::OnDuiMessage:uID=905, name=skin.wnd, msg=1, wParam=17817536, lParam=0
DEBUG 2018-03-24 22:37:28[6820] : CDuiHandlerMain::OnDuiMessage:uID=905, name=skin.wnd, msg=2, wParam=2, lParam=17817500
DEBUG 2018-03-24 22:37:28[6820] : CDuiHandlerMain::OnDuiMessage:uID=905, name=skin.wnd, msg=1, wParam=17817536, lParam=0
DEBUG 2018-03-24 22:37:28[6820] : CDuiHandlerMain::OnDuiMessage:uID=905, name=skin.wnd, msg=2, wParam=2, lParam=17817500
DEBUG 2018-03-24 22:37:29[6820] : CDuiHandlerMain::OnDuiMessage:uID=905, name=skin.wnd, msg=3, wParam=2, lParam=17817820
DEBUG 2018-03-24 22:37:29[6820] : CDuiHandlerMain::OnDuiMessage:uID=905, name=skin.wnd, msg=1, wParam=17817536, lParam=0
DEBUG 2018-03-24 22:37:29[6820] : CDuiHandlerMain::OnDuiMessage:uID=905, name=skin.wnd, msg=2, wParam=2, lParam=17817500
DEBUG 2018-03-24 22:37:29[6820] : CDuiHandlerMain::OnDuiMessage:uID=905, name=skin.wnd, msg=1, wParam=17817536, lParam=0
DEBUG 2018-03-24 22:37:29[6820] : CDuiHandlerMain::OnDuiMessage:uID=905, name=skin.wnd, msg=2, wParam=2, lParam=17817500
DEBUG 2018-03-24 22:37:30[6820] : CDuiHandlerMain::OnDuiMessage:uID=905, name=skin.wnd, msg=3, wParam=2, lParam=17817820
DEBUG 2018-03-24 22:37:30[6820] : CDuiHandlerMain::OnDuiMessage:uID=905, name=skin.wnd, msg=1, wParam=17817536, lParam=0
DEBUG 2018-03-24 22:37:31[6820] : CDuiHandlerMain::OnDuiMessage:uID=905, name=skin.wnd, msg=2, wParam=2, lParam=17817500
DEBUG 2018-03-24 22:37:31[6820] : CDuiHandlerMain::OnDuiMessage:uID=905, name=skin.wnd, msg=1, wParam=17817536, lParam=0
DEBUG 2018-03-24 22:37:31[6820] : CDuiHandlerMain::OnDuiMessage:uID=905, name=skin.wnd, msg=2, wParam=2, lParam=17817500
DEBUG 2018-03-24 22:37:31[6820] : CDuiHandlerMain::OnDuiMessage:uID=905, name=skin.wnd, msg=3, wParam=2, lParam=17817820
DEBUG 2018-03-24 22:37:31[6820] : CDuiHandlerMain::OnDuiMessage:uID=905, name=skin.wnd, msg=1, wParam=17817536, lParam=0
DEBUG 2018-03-24 22:37:31[6820] : CDuiHandlerMain::OnDuiMessage:uID=905, name=skin.wnd, msg=2, wParam=2, lParam=17817500
DEBUG 2018-03-24 22:37:31[6820] : CDuiHandlerMain::OnDuiMessage:uID=905, name=skin.wnd, msg=1, wParam=17817536, lParam=0
DEBUG 2018-03-24 22:37:31[6820] : CDuiHandlerMain::OnDuiMessage:uID=905, name=skin.wnd, msg=2, wParam=2, lParam=17817500
DEBUG 2018-03-24 23:50:21[6820] : CDuiHandlerMain::OnDuiMessage:uID=800, name=tray.icon, msg=2, wParam=0, lParam=0
DEBUG 2018-03-24 23:50:22[6820] : CDuiHandlerMain::OnDuiMessage:uID=800, name=tray.icon, msg=2, wParam=0, lParam=0
DEBUG 2018-03-28 13:50:48[7452] : ------------------DuiVision??????-2.8.0.1 Start-------------------
DEBUG 2018-03-28 13:50:48[10784] : ------------------DuiVision??????-2.8.0.1 Start-------------------
DEBUG 2018-03-28 13:50:48[1532] : ------------------DuiVision??????-2.8.0.1 Start-------------------
DEBUG 2018-03-28 13:50:48[4316] : ------------------DuiVision??????-2.8.0.1 Start-------------------
DEBUG 2018-03-28 13:50:48[10636] : ------------------DuiVision??????-2.8.0.1 Start-------------------
DEBUG 2018-03-28 13:50:48[10784] : ------------------End-------------------
DEBUG 2018-03-28 13:50:48[6524] : ------------------DuiVision??????-2.8.0.1 Start-------------------
DEBUG 2018-03-28 13:50:48[5836] : ------------------DuiVision??????-2.8.0.1 Start-------------------
DEBUG 2018-03-28 13:50:48[4316] : ------------------End-------------------
DEBUG 2018-03-28 13:50:48[10636] : ------------------End-------------------
DEBUG 2018-03-28 13:50:48[8036] : ------------------DuiVision??????-2.8.0.1 Start-------------------
DEBUG 2018-03-28 13:50:48[1532] : ------------------End-------------------
DEBUG 2018-03-28 13:50:48[2836] : ------------------DuiVision??????-2.8.0.1 Start-------------------
DEBUG 2018-03-28 13:50:48[7452] : CDuiHandlerMain::OnDuiMessage:uID=905, name=skin.wnd, msg=1, wParam=9693956, lParam=0
DEBUG 2018-03-28 13:50:48[7452] : CDuiHandlerMain::OnDuiMessage:uID=905, name=skin.wnd, msg=2, wParam=2, lParam=9693944
DEBUG 2018-03-28 13:50:48[11008] : ------------------DuiVision??????-2.8.0.1 Start-------------------
DEBUG 2018-03-28 13:50:48[7608] : ------------------DuiVision??????-2.8.0.1 Start-------------------
DEBUG 2018-03-28 13:50:48[10072] : ------------------DuiVision??????-2.8.0.1 Start-------------------
DEBUG 2018-03-28 13:50:48[12772] : ------------------DuiVision??????-2.8.0.1 Start-------------------
DEBUG 2018-03-28 13:50:48[10724] : ------------------DuiVision??????-2.8.0.1 Start-------------------
DEBUG 2018-03-28 13:50:48[9644] : ------------------DuiVision??????-2.8.0.1 Start-------------------
DEBUG 2018-03-28 13:50:48[13104] : ------------------DuiVision??????-2.8.0.1 Start-------------------
DEBUG 2018-03-28 13:50:48[11456] : ------------------DuiVision??????-2.8.0.1 Start-------------------
DEBUG 2018-03-28 13:50:48[8268] : ------------------DuiVision??????-2.8.0.1 Start-------------------
DEBUG 2018-03-28 13:50:48[5428] : ------------------DuiVision??????-2.8.0.1 Start-------------------
DEBUG 2018-03-28 13:50:48[2368] : ------------------DuiVision??????-2.8.0.1 Start-------------------
DEBUG 2018-03-28 13:50:48[4060] : ------------------DuiVision??????-2.8.0.1 Start-------------------
DEBUG 2018-03-28 13:50:48[6524] : ------------------End-------------------
DEBUG 2018-03-28 13:50:48[2416] : ------------------DuiVision??????-2.8.0.1 Start-------------------
DEBUG 2018-03-28 13:50:48[5836] : ------------------End-------------------
DEBUG 2018-03-28 13:50:48[8036] : ------------------End-------------------
DEBUG 2018-03-28 13:50:48[6688] : ------------------DuiVision??????-2.8.0.1 Start-------------------
DEBUG 2018-03-28 13:50:48[11004] : ------------------DuiVision??????-2.8.0.1 Start-------------------
DEBUG 2018-03-28 13:50:48[1736] : ------------------DuiVision??????-2.8.0.1 Start-------------------
DEBUG 2018-03-28 13:50:48[2512] : ------------------DuiVision??????-2.8.0.1 Start-------------------
DEBUG 2018-03-28 13:50:48[10404] : ------------------DuiVision??????-2.8.0.1 Start-------------------
DEBUG 2018-03-28 13:50:48[8792] : ------------------DuiVision??????-2.8.0.1 Start-------------------
DEBUG 2018-03-28 13:50:48[2836] : ------------------End-------------------
DEBUG 2018-03-28 13:50:48[12032] : ------------------DuiVision??????-2.8.0.1 Start-------------------
DEBUG 2018-03-28 13:50:49[10816] : ------------------DuiVision??????-2.8.0.1 Start-------------------
DEBUG 2018-03-28 13:50:49[7608] : ------------------End-------------------

DEBUG 2018-03-28 13:50:49[10072] : ------------------End-------------------
DEBUG 2018-03-28 13:50:49[11944] : ------------------DuiVision??????-2.8.0.1 Start-------------------
DEBUG 2018-03-28 13:50:49[4652] : ------------------DuiVision??????-2.8.0.1 Start-------------------
DEBUG 2018-03-28 13:50:49[10020] : ------------------DuiVision??????-2.8.0.1 Start-------------------
DEBUG 2018-03-28 13:50:49[1420] : ------------------DuiVision??????-2.8.0.1 Start-------------------
DEBUG 2018-03-28 13:50:49[7956] : ------------------DuiVision??????-2.8.0.1 Start-------------------
DEBUG 2018-03-28 13:50:49[4272] : ------------------DuiVision??????-2.8.0.1 Start-------------------
DEBUG 2018-03-28 13:50:49[7452] : Load UI plugin DuiPluginDemo.dll succ
DEBUG 2018-03-28 13:50:49[12836] : ------------------DuiVision??????-2.8.0.1 Start-------------------
DEBUG 2018-03-28 13:50:49[7452] : Create UI plugin DuiPluginDemo.dll - IDuiPluginPanel object succ
DEBUG 2018-03-28 13:50:49[7452] : ------------------DuiVision??????-2.8.0.1 Start-------------------
DEBUG 2018-03-28 13:50:49[7452] : CDuiPlugin::OnInit root path is C:\work\trunk\EndpointProduct\storageDLP\DuiVisionDemos\DuiVisionDemo-20161218\bin\
DEBUG 2018-03-28 13:50:49[12424] : ------------------DuiVision??????-2.8.0.1 Start-------------------
DEBUG 2018-03-28 13:50:49[7020] : ------------------DuiVision??????-2.8.0.1 Start-------------------
DEBUG 2018-03-28 13:50:49[2352] : ------------------DuiVision??????-2.8.0.1 Start-------------------
DEBUG 2018-03-28 13:50:49[5248] : ------------------DuiVision??????-2.8.0.1 Start-------------------
DEBUG 2018-03-28 13:50:49[10312] : ------------------DuiVision??????-2.8.0.1 Start-------------------
DEBUG 2018-03-28 13:50:49[5160] : ------------------DuiVision??????-2.8.0.1 Start-------------------
DEBUG 2018-03-28 13:50:49[7452] : CDuiHandlerPlugin::OnInit
DEBUG 2018-03-28 13:50:49[7452] : CDuiPlugin::OnInit load tab_controls succ
DEBUG 2018-03-28 13:50:49[7452] : CDuiHandlerMain::OnDuiMessage:uID=1188, name=tab1, msg=-5501, wParam=9691048, lParam=9691064
DEBUG 2018-03-28 13:50:49[7452] : CDuiHandlerMain::OnDuiMessage:uID=1188, name=tab1, msg=-5502, wParam=9691048, lParam=9691064
DEBUG 2018-03-28 13:50:49[7452] : CDuiHandlerMain::OnDuiMessage:uID=1188, name=tab1, msg=-709, wParam=9690716, lParam=9690732
DEBUG 2018-03-28 13:50:49[7452] : CDuiHandlerMain::OnDuiMessage:uID=1188, name=tab1, msg=250, wParam=9665392, lParam=0
DEBUG 2018-03-28 13:50:49[7452] : CDuiHandlerMain::OnDuiMessage:uID=1188, name=tab1, msg=106, wParam=9674172, lParam=0
DEBUG 2018-03-28 13:50:49[12772] : ------------------End-------------------
DEBUG 2018-03-28 13:50:49[10724] : ------------------End-------------------
DEBUG 2018-03-28 13:50:49[9644] : ------------------End-------------------

DEBUG 2018-03-28 13:50:49[7452] : CDuiHandlerMain::OnDuiMessage:uID=1188, name=tab1, msg=105, wParam=9674492, lParam=0
DEBUG 2018-03-28 13:50:49[7452] : CDuiHandlerMain::OnDuiMessage:uID=1188, name=tab1, msg=105, wParam=9674492, lParam=0
DEBUG 2018-03-28 13:50:49[11456] : ------------------End-------------------
DEBUG 2018-03-28 13:50:49[5428] : ------------------End-------------------
DEBUG 2018-03-28 13:50:49[10192] : ------------------DuiVision??????-2.8.0.1 Start-------------------
DEBUG 2018-03-28 13:50:49[10928] : ------------------DuiVision??????-2.8.0.1 Start-------------------
DEBUG 2018-03-28 13:50:49[5272] : ------------------DuiVision??????-2.8.0.1 Start-------------------
DEBUG 2018-03-28 13:50:49[1664] : ------------------DuiVision??????-2.8.0.1 Start-------------------
DEBUG 2018-03-28 13:50:49[2368] : ------------------End-------------------
DEBUG 2018-03-28 13:50:49[4060] : ------------------End-------------------
DEBUG 2018-03-28 13:50:49[5704] : ------------------DuiVision??????-2.8.0.1 Start-------------------
DEBUG 2018-03-28 13:50:49[2416] : ------------------End-------------------
DEBUG 2018-03-28 13:50:49[6688] : ------------------End-------------------
DEBUG 2018-03-28 13:50:49[10468] : ------------------DuiVision??????-2.8.0.1 Start-------------------
DEBUG 2018-03-28 13:50:49[7452] : CDuiHandlerMain::OnDuiMessage:uID=905, name=skin.wnd, msg=1, wParam=9694156, lParam=0
DEBUG 2018-03-28 13:50:49[7452] : CDuiHandlerMain::OnDuiMessage:uID=905, name=skin.wnd, msg=2, wParam=2, lParam=9694144
DEBUG 2018-03-28 13:50:49[2556] : ------------------DuiVision??????-2.8.0.1 Start-------------------
DEBUG 2018-03-28 13:50:49[11004] : ------------------End-------------------
DEBUG 2018-03-28 13:50:49[11408] : ------------------DuiVision??????-2.8.0.1 Start-------------------
DEBUG 2018-03-28 13:50:49[1736] : ------------------End-------------------
DEBUG 2018-03-28 13:50:49[9344] : ------------------DuiVision??????-2.8.0.1 Start-------------------
DEBUG 2018-03-28 13:50:49[7924] : ------------------DuiVision??????-2.8.0.1 Start-------------------
DEBUG 2018-03-28 13:50:49[2512] : ------------------End-------------------
DEBUG 2018-03-28 13:50:49[7452] : CDuiHandlerMain::OnDuiMessage:uID=100, name=, msg=0, wParam=1116, lParam=9674976
DEBUG 2018-03-28 13:50:49[7452] : CDuiHandlerMain::OnDuiMessage:uID=100, name=, msg=0, wParam=1116, lParam=9674976
DEBUG 2018-03-28 13:50:49[7452] : CDuiHandlerMain::OnDuiMessage:uID=100, name=, msg=0, wParam=1116, lParam=9674976
DEBUG 2018-03-28 13:50:49[7452] : CDuiHandlerMain::OnDuiMessage:uID=100, name=, msg=0, wParam=1116, lParam=9674976
DEBUG 2018-03-28 13:50:49[7452] : CDuiHandlerMain::OnDuiMessage:uID=100, name=, msg=0, wParam=1116, lParam=9674976
DEBUG 2018-03-28 13:50:49[7452] : CDuiHandlerMain::OnDuiMessage:uID=100, name=, msg=0, wParam=1116, lParam=9674976
DEBUG 2018-03-28 13:50:49[7452] : CDuiHandlerMain::OnDuiMessage:uID=100, name=, msg=0, wParam=1116, lParam=9674976
DEBUG 2018-03-28 13:50:49[7452] : CDuiHandlerMain::OnDuiMessage:uID=100, name=, msg=0, wParam=1116, lParam=9674976
DEBUG 2018-03-28 13:50:50[7452] : CDuiHandlerMain::OnDuiMessage:uID=100, name=, msg=0, wParam=1116, lParam=9674976
DEBUG 2018-03-28 13:50:50[7452] : CDuiHandlerMain::OnDuiMessage:uID=100, name=, msg=0, wParam=1116, lParam=9674976
DEBUG 2018-03-28 13:50:50[7452] : CDuiHandlerMain::OnDuiMessage:uID=100, name=, msg=0, wParam=1116, lParam=9674976
DEBUG 2018-03-28 13:50:50[7452] : CDuiHandlerMain::OnDuiMessage:uID=100, name=, msg=0, wParam=1116, lParam=9674976
DEBUG 2018-03-28 13:50:50[7452] : CDuiHandlerMain::OnDuiMessage:uID=100, name=, msg=0, wParam=1116, lParam=9674976
DEBUG 2018-03-28 13:50:50[7452] : CDuiHandlerMain::OnDuiMessage:uID=100, name=, msg=0, wParam=1116, lParam=9674976
DEBUG 2018-03-28 13:50:50[10404] : ------------------End-------------------
DEBUG 2018-03-28 13:50:50[8792] : ------------------End-------------------
DEBUG 2018-03-28 13:50:50[11944] : ------------------End-------------------
DEBUG 2018-03-28 13:50:50[10816] : ------------------End-------------------
DEBUG 2018-03-28 13:50:50[12032] : ------------------End-------------------
DEBUG 2018-03-28 13:50:50[7956] : ------------------End-------------------
DEBUG 2018-03-28 13:50:50[12836] : ------------------End-------------------
DEBUG 2018-03-28 13:50:50[4272] : ------------------End-------------------
DEBUG 2018-03-28 13:50:50[1420] : ------------------End-------------------
DEBUG 2018-03-28 13:50:50[7020] : ------------------End-------------------
DEBUG 2018-03-28 13:50:50[5160] : ------------------End-------------------
DEBUG 2018-03-28 13:50:50[4652] : ------------------End-------------------
DEBUG 2018-03-28 13:50:50[10020] : ------------------End-------------------
DEBUG 2018-03-28 13:50:50[10928] : ------------------End-------------------
DEBUG 2018-03-28 13:50:50[10192] : ------------------End-------------------
DEBUG 2018-03-28 13:50:50[5272] : ------------------End-------------------
DEBUG 2018-03-28 13:50:50[1664] : ------------------End-------------------
DEBUG 2018-03-28 13:50:50[5704] : ------------------End-------------------
DEBUG 2018-03-28 13:50:50[10468] : ------------------End-------------------
DEBUG 2018-03-28 13:50:50[7924] : ------------------End-------------------
DEBUG 2018-03-28 13:50:50[11408] : ------------------End-------------------
DEBUG 2018-03-28 13:50:50[9344] : ------------------End-------------------
DEBUG 2018-03-28 13:50:50[12424] : ------------------End-------------------
DEBUG 2018-03-28 13:50:50[10312] : ------------------End-------------------
DEBUG 2018-03-28 13:50:50[2556] : ------------------End-------------------
DEBUG 2018-03-28 13:50:50[10680] : ------------------DuiVision??????-2.8.0.1 Start-------------------
DEBUG 2018-03-28 13:50:50[7912] : ------------------DuiVision??????-2.8.0.1 Start-------------------
DEBUG 2018-03-28 13:50:50[8072] : ------------------DuiVision??????-2.8.0.1 Start-------------------
DEBUG 2018-03-28 13:50:50[10676] : ------------------DuiVision??????-2.8.0.1 Start-------------------
DEBUG 2018-03-28 13:50:50[3160] : ------------------DuiVision??????-2.8.0.1 Start-------------------
DEBUG 2018-03-28 13:50:50[7452] : CDuiHandlerMain::OnDuiMessage:uID=100, name=, msg=0, wParam=1116, lParam=9674976
DEBUG 2018-03-28 13:50:50[7452] : CDuiHandlerMain::OnDuiMessage:uID=100, name=, msg=0, wParam=1116, lParam=9674976
DEBUG 2018-03-28 13:50:50[7452] : CDuiHandlerMain::OnDuiMessage:uID=100, name=, msg=0, wParam=1116, lParam=9674976
DEBUG 2018-03-28 13:50:50[7452] : CDuiHandlerMain::OnDuiMessage:uID=100, name=, msg=0, wParam=1116, lParam=9674976
DEBUG 2018-03-28 13:50:50[7452] : CDuiHandlerMain::OnDuiMessage:uID=100, name=, msg=0, wParam=1116, lParam=9674976
DEBUG 2018-03-28 13:50:50[8072] : ------------------End-------------------
DEBUG 2018-03-28 13:50:50[10680] : ------------------End-------------------
DEBUG 2018-03-28 13:50:50[3160] : ------------------End-------------------
DEBUG 2018-03-28 13:50:50[428] : ------------------DuiVision??????-2.8.0.1 Start-------------------
DEBUG 2018-03-28 13:50:50[10672] : ------------------DuiVision??????-2.8.0.1 Start-------------------
DEBUG 2018-03-28 13:50:50[7568] : ------------------DuiVision??????-2.8.0.1 Start-------------------
DEBUG 2018-03-28 13:50:50[7452] : CDuiHandlerMain::OnDuiMessage:uID=100, name=, msg=0, wParam=1116, lParam=9675032
DEBUG 2018-03-28 13:50:50[7452] : CDuiHandlerMain::OnDuiMessage:uID=100, name=, msg=0, wParam=1116, lParam=9675032
DEBUG 2018-03-28 13:50:50[7452] : CDuiHandlerMain::OnDuiMessage:uID=100, name=, msg=0, wParam=1116, lParam=9675032
DEBUG 2018-03-28 13:50:50[428] : ------------------End-------------------
DEBUG 2018-03-28 13:50:50[10672] : ------------------End-------------------
DEBUG 2018-03-28 13:50:50[10676] : ------------------End-------------------
DEBUG 2018-03-28 13:50:50[7568] : ------------------End-------------------
DEBUG 2018-03-28 13:50:50[10252] : ------------------DuiVision??????-2.8.0.1 Start-------------------
DEBUG 2018-03-28 13:50:50[7452] : CDuiHandlerMain::OnDuiMessage:uID=100, name=, msg=0, wParam=1116, lParam=9675032
DEBUG 2018-03-28 13:50:50[8596] : ------------------DuiVision??????-2.8.0.1 Start-------------------
DEBUG 2018-03-28 13:50:50[4740] : ------------------DuiVision??????-2.8.0.1 Start-------------------
DEBUG 2018-03-28 13:50:50[7452] : CDuiHandlerMain::OnDuiMessage:uID=100, name=, msg=0, wParam=1116, lParam=9674976
DEBUG 2018-03-28 13:50:50[7452] : CDuiHandlerMain::OnDuiMessage:uID=100, name=, msg=0, wParam=1116, lParam=9674976
DEBUG 2018-03-28 13:50:50[10252] : ------------------End-------------------
DEBUG 2018-03-28 13:50:50[8596] : ------------------End-------------------
DEBUG 2018-03-28 13:50:50[7452] : CDuiHandlerMain::OnDuiMessage:uID=1191, name=webkit_ctrl, msg=14, wParam=100, lParam=2126816992
DEBUG 2018-03-28 13:50:50[7452] : CDuiHandlerMain::OnDuiMessage:uID=1191, name=webkit_ctrl, msg=14, wParam=101, lParam=2127331200
DEBUG 2018-03-28 13:50:53[7452] : CDuiHandlerMain::OnDuiMessage:uID=1189, name=ie_ctrl, msg=102, wParam=9688576, lParam=0
DEBUG 2018-03-28 13:50:53[7452] : CDuiHandlerMain::OnDuiMessage:uID=1189, name=ie_ctrl, msg=108, wParam=9695016, lParam=0
DEBUG 2018-03-28 13:50:53[7452] : CDuiHandlerMain::OnDuiMessage:uID=1189, name=ie_ctrl, msg=108, wParam=9695016, lParam=0
DEBUG 2018-03-28 13:50:53[7452] : CDuiHandlerMain::OnDuiMessage:uID=1189, name=ie_ctrl, msg=102, wParam=9688576, lParam=0
DEBUG 2018-03-28 13:50:53[7452] : CDuiHandlerMain::OnDuiMessage:uID=1189, name=ie_ctrl, msg=108, wParam=9695016, lParam=0
DEBUG 2018-03-28 13:50:53[7452] : CDuiHandlerMain::OnDuiMessage:uID=1189, name=ie_ctrl, msg=102, wParam=9688536, lParam=0
DEBUG 2018-03-28 13:50:53[7452] : CDuiHandlerMain::OnDuiMessage:uID=1189, name=ie_ctrl, msg=-709, wParam=9694164, lParam=9694248
DEBUG 2018-03-28 13:50:53[7452] : CDuiHandlerMain::OnDuiMessage:uID=1189, name=ie_ctrl, msg=-709, wParam=9694092, lParam=9694176
DEBUG 2018-03-28 13:50:53[7452] : CDuiHandlerMain::OnDuiMessage:uID=1189, name=ie_ctrl, msg=-5512, wParam=9694132, lParam=9694224
DEBUG 2018-03-28 13:50:53[7452] : CDuiHandlerMain::OnDuiMessage:uID=1189, name=ie_ctrl, msg=-5513, wParam=9694092, lParam=9694176
DEBUG 2018-03-28 13:50:53[7452] : CDuiHandlerMain::OnDuiMessage:uID=1189, name=ie_ctrl, msg=270, wParam=9690408, lParam=0
DEBUG 2018-03-28 13:50:53[7452] : CDuiHandlerMain::OnDuiMessage:uID=1189, name=ie_ctrl, msg=104, wParam=9684420, lParam=0
DEBUG 2018-03-28 13:50:53[7452] : CDuiHandlerMain::OnDuiMessage:uID=1189, name=ie_ctrl, msg=102, wParam=9684024, lParam=0
DEBUG 2018-03-28 13:50:53[7452] : CDuiHandlerMain::OnDuiMessage:uID=1189, name=ie_ctrl, msg=102, wParam=9683968, lParam=0
DEBUG 2018-03-28 13:50:53[7452] : CDuiHandlerMain::OnDuiMessage:uID=1189, name=ie_ctrl, msg=106, wParam=9694124, lParam=0
DEBUG 2018-03-28 13:50:53[7452] : CDuiHandlerMain::OnDuiMessage:uID=1189, name=ie_ctrl, msg=108, wParam=9689712, lParam=0
DEBUG 2018-03-28 13:50:53[7452] : CDuiHandlerMain::OnDuiMessage:uID=1189, name=ie_ctrl, msg=108, wParam=9689712, lParam=0
DEBUG 2018-03-28 13:50:54[7452] : CDuiHandlerMain::OnDuiMessage:uID=1189, name=ie_ctrl, msg=108, wParam=9689712, lParam=0
DEBUG 2018-03-28 13:50:54[7452] : CDuiHandlerMain::OnDuiMessage:uID=1189, name=ie_ctrl, msg=108, wParam=9689712, lParam=0
DEBUG 2018-03-28 13:50:54[7452] : CDuiHandlerMain::OnDuiMessage:uID=1189, name=ie_ctrl, msg=108, wParam=9689712, lParam=0
DEBUG 2018-03-28 13:50:54[7452] : CDuiHandlerMain::OnDuiMessage:uID=1189, name=ie_ctrl, msg=108, wParam=9689712, lParam=0
DEBUG 2018-03-28 13:50:54[7452] : CDuiHandlerMain::OnDuiMessage:uID=1189, name=ie_ctrl, msg=108, wParam=9689712, lParam=0
DEBUG 2018-03-28 13:50:54[7452] : CDuiHandlerMain::OnDuiMessage:uID=1189, name=ie_ctrl, msg=108, wParam=9689712, lParam=0
DEBUG 2018-03-28 13:50:54[7452] : CDuiHandlerMain::OnDuiMessage:uID=1189, name=ie_ctrl, msg=108, wParam=9689712, lParam=0
DEBUG 2018-03-28 13:50:54[7452] : CDuiHandlerMain::OnDuiMessage:uID=1189, name=ie_ctrl, msg=108, wParam=9689712, lParam=0
DEBUG 2018-03-28 13:50:54[7452] : CDuiHandlerMain::OnDuiMessage:uID=1189, name=ie_ctrl, msg=108, wParam=9689712, lParam=0
DEBUG 2018-03-28 13:50:54[7452] : CDuiHandlerMain::OnDuiMessage:uID=1189, name=ie_ctrl, msg=108, wParam=9689712, lParam=0
DEBUG 2018-03-28 13:50:54[7452] : CDuiHandlerMain::OnDuiMessage:uID=1189, name=ie_ctrl, msg=108, wParam=9689712, lParam=0
DEBUG 2018-03-28 13:50:54[7452] : CDuiHandlerMain::OnDuiMessage:uID=1189, name=ie_ctrl, msg=108, wParam=9689712, lParam=0
DEBUG 2018-03-28 13:50:54[7452] : CDuiHandlerMain::OnDuiMessage:uID=1189, name=ie_ctrl, msg=108, wParam=9689712, lParam=0
DEBUG 2018-03-28 13:50:54[7452] : CDuiHandlerMain::OnDuiMessage:uID=1189, name=ie_ctrl, msg=108, wParam=9689712, lParam=0
DEBUG 2018-03-28 13:50:55[7452] : CDuiHandlerMain::OnDuiMessage:uID=1189, name=ie_ctrl, msg=108, wParam=9689712, lParam=0
DEBUG 2018-03-28 13:50:56[7452] : CDuiHandlerMain::OnDuiMessage:uID=1189, name=ie_ctrl, msg=108, wParam=9689712, lParam=0
DEBUG 2018-03-28 13:50:56[7452] : CDuiHandlerMain::OnDuiMessage:uID=1189, name=ie_ctrl, msg=108, wParam=9689712, lParam=0
DEBUG 2018-03-28 13:50:56[7452] : CDuiHandlerMain::OnDuiMessage:uID=1189, name=ie_ctrl, msg=108, wParam=9689712, lParam=0
DEBUG 2018-03-28 13:50:56[7452] : CDuiHandlerMain::OnDuiMessage:uID=1189, name=ie_ctrl, msg=108, wParam=9689712, lParam=0
DEBUG 2018-03-28 13:50:56[7452] : CDuiHandlerMain::OnDuiMessage:uID=1189, name=ie_ctrl, msg=108, wParam=9689712, lParam=0
DEBUG 2018-03-28 13:50:56[7452] : CDuiHandlerMain::OnDuiMessage:uID=1189, name=ie_ctrl, msg=108, wParam=9689712, lParam=0
DEBUG 2018-03-28 13:50:57[7452] : CDuiHandlerMain::OnDuiMessage:uID=1189, name=ie_ctrl, msg=108, wParam=9689712, lParam=0
DEBUG 2018-03-28 13:50:57[7452] : CDuiHandlerMain::OnDuiMessage:uID=1189, name=ie_ctrl, msg=108, wParam=9689712, lParam=0
DEBUG 2018-03-28 13:50:57[7452] : CDuiHandlerMain::OnDuiMessage:uID=1189, name=ie_ctrl, msg=108, wParam=9689712, lParam=0
DEBUG 2018-03-28 13:50:57[7452] : CDuiHandlerMain::OnDuiMessage:uID=1189, name=ie_ctrl, msg=108, wParam=9689712, lParam=0
DEBUG 2018-03-28 13:50:57[7452] : CDuiHandlerMain::OnDuiMessage:uID=1189, name=ie_ctrl, msg=108, wParam=9689712, lParam=0
DEBUG 2018-03-28 13:50:57[7452] : CDuiHandlerMain::OnDuiMessage:uID=1189, name=ie_ctrl, msg=108, wParam=9689712, lParam=0
DEBUG 2018-03-28 13:50:57[7452] : CDuiHandlerMain::OnDuiMessage:uID=1189, name=ie_ctrl, msg=108, wParam=9689712, lParam=0
DEBUG 2018-03-28 13:50:57[7452] : CDuiHandlerMain::OnDuiMessage:uID=1189, name=ie_ctrl, msg=108, wParam=9689712, lParam=0
DEBUG 2018-03-28 13:50:57[7452] : CDuiHandlerMain::OnDuiMessage:uID=1189, name=ie_ctrl, msg=108, wParam=9689712, lParam=0
DEBUG 2018-03-28 13:50:58[7452] : CDuiHandlerMain::OnDuiMessage:uID=1189, name=ie_ctrl, msg=108, wParam=9689712, lParam=0
DEBUG 2018-03-28 13:50:58[7452] : CDuiHandlerMain::OnDuiMessage:uID=1189, name=ie_ctrl, msg=108, wParam=9689712, lParam=0
DEBUG 2018-03-28 13:50:58[7452] : CDuiHandlerMain::OnDuiMessage:uID=1189, name=ie_ctrl, msg=108, wParam=9689712, lParam=0
DEBUG 2018-03-28 13:50:58[7452] : CDuiHandlerMain::OnDuiMessage:uID=1189, name=ie_ctrl, msg=108, wParam=9689712, lParam=0
DEBUG 2018-03-28 13:50:58[7452] : CDuiHandlerMain::OnDuiMessage:uID=1189, name=ie_ctrl, msg=108, wParam=9689712, lParam=0
DEBUG 2018-03-28 13:50:58[7452] : CDuiHandlerMain::OnDuiMessage:uID=1189, name=ie_ctrl, msg=108, wParam=9689712, lParam=0
DEBUG 2018-03-28 13:50:58[7452] : CDuiHandlerMain::OnDuiMessage:uID=1189, name=ie_ctrl, msg=108, wParam=9689712, lParam=0
DEBUG 2018-03-28 13:50:58[7452] : CDuiHandlerMain::OnDuiMessage:uID=1189, name=ie_ctrl, msg=269, wParam=9694288, lParam=0
DEBUG 2018-03-28 13:50:58[7452] : CDuiHandlerMain::OnDuiMessage:uID=1189, name=ie_ctrl, msg=269, wParam=9694456, lParam=0
DEBUG 2018-03-28 13:50:58[7452] : CDuiHandlerMain::OnDuiMessage:uID=1189, name=ie_ctrl, msg=102, wParam=9693856, lParam=0
DEBUG 2018-03-28 13:50:58[7452] : CDuiHandlerMain::OnDuiMessage:uID=1189, name=ie_ctrl, msg=105, wParam=9685540, lParam=0
DEBUG 2018-03-28 13:50:58[7452] : CDuiHandlerMain::OnDuiMessage:uID=1189, name=ie_ctrl, msg=105, wParam=9685540, lParam=0
DEBUG 2018-03-28 13:50:58[7452] : CDuiHandlerMain::OnDuiMessage:uID=1189, name=ie_ctrl, msg=102, wParam=9679120, lParam=0
DEBUG 2018-03-28 13:50:58[7452] : CDuiHandlerMain::OnDuiMessage:uID=1189, name=ie_ctrl, msg=102, wParam=9683848, lParam=0
DEBUG 2018-03-28 13:50:58[7452] : CDuiHandlerMain::OnDuiMessage:uID=1189, name=ie_ctrl, msg=269, wParam=9684872, lParam=0
DEBUG 2018-03-28 13:50:58[7452] : CDuiHandlerMain::OnDuiMessage:uID=1189, name=ie_ctrl, msg=269, wParam=9685040, lParam=0
DEBUG 2018-03-28 13:50:58[7452] : CDuiHandlerMain::OnDuiMessage:uID=1189, name=ie_ctrl, msg=105, wParam=9685620, lParam=0
DEBUG 2018-03-28 13:50:58[7452] : CDuiHandlerMain::OnDuiMessage:uID=1189, name=ie_ctrl, msg=105, wParam=9685620, lParam=0
DEBUG 2018-03-28 13:50:58[7452] : CDuiHandlerMain::OnDuiMessage:uID=1189, name=ie_ctrl, msg=105, wParam=9685656, lParam=0
DEBUG 2018-03-28 13:50:58[7452] : CDuiHandlerMain::OnDuiMessage:uID=1189, name=ie_ctrl, msg=113, wParam=9685336, lParam=0
DEBUG 2018-03-28 13:50:58[7452] : CDuiHandlerMain::OnDuiMessage:uID=1189, name=ie_ctrl, msg=252, wParam=9685320, lParam=0
DEBUG 2018-03-28 13:50:58[7452] : CDuiHandlerMain::OnDuiMessage:uID=1189, name=ie_ctrl, msg=269, wParam=9679816, lParam=0
DEBUG 2018-03-28 13:50:58[7452] : CDuiHandlerMain::OnDuiMessage:uID=1189, name=ie_ctrl, msg=269, wParam=9679984, lParam=0
DEBUG 2018-03-28 13:50:58[7452] : CDuiHandlerMain::OnDuiMessage:uID=1189, name=ie_ctrl, msg=105, wParam=9695888, lParam=0
DEBUG 2018-03-28 13:50:58[7452] : CDuiHandlerMain::OnDuiMessage:uID=1189, name=ie_ctrl, msg=113, wParam=9688352, lParam=0
DEBUG 2018-03-28 13:51:02[9248] : ------------------DuiVision??????-2.8.0.1 Start-------------------
DEBUG 2018-03-28 13:51:02[7452] : CDuiHandlerMain::OnDuiMessage:uID=100, name=, msg=0, wParam=1116, lParam=9675032
DEBUG 2018-03-28 13:51:02[9248] : ------------------End-------------------
DEBUG 2018-03-28 13:51:05[7452] : CDuiHandlerMain::OnDuiMessage:uID=800, name=tray.icon, msg=2, wParam=0, lParam=0
DEBUG 2018-03-28 13:51:05[7452] : CDuiHandlerMain::OnDuiMessage:uID=1189, name=ie_ctrl, msg=105, wParam=9695888, lParam=0
DEBUG 2018-03-28 13:51:09[7452] : CDuiHandlerMain::OnDuiMessage:uID=1087, name=edit1, msg=19, wParam=0, lParam=0
DEBUG 2018-03-28 13:51:09[7452] : CDuiHandlerPlugin::OnDuiMessage:uID=1049, name=edit1, msg=19, wParam=0, lParam=0
DEBUG 2018-03-28 13:51:10[7452] : CDuiHandlerMain::OnDuiMessage:uID=1087, name=edit1, msg=19, wParam=0, lParam=0
DEBUG 2018-03-28 13:51:10[7452] : CDuiHandlerPlugin::OnDuiMessage:uID=1049, name=edit1, msg=19, wParam=0, lParam=0
DEBUG 2018-03-28 13:51:10[7452] : CDuiHandlerMain::OnDuiMessage:uID=1087, name=edit1, msg=19, wParam=0, lParam=0
DEBUG 2018-03-28 13:51:10[7452] : CDuiHandlerPlugin::OnDuiMessage:uID=1049, name=edit1, msg=19, wParam=0, lParam=0
DEBUG 2018-03-28 13:51:17[7452] : CDuiHandlerMain::OnDuiMessage:uID=1030, name=tabctrl.main, msg=1, wParam=1, lParam=0
DEBUG 2018-03-28 13:51:17[7452] : CDuiHandlerMain::OnDuiMessage:uID=1189, name=ie_ctrl, msg=102, wParam=9693456, lParam=0
DEBUG 2018-03-28 13:51:17[7452] : CDuiHandlerMain::OnDuiMessage:uID=1189, name=ie_ctrl, msg=105, wParam=9695888, lParam=0
DEBUG 2018-03-28 13:51:18[7452] : CDuiHandlerMain::OnDuiMessage:uID=1030, name=tabctrl.main, msg=1, wParam=2, lParam=0
DEBUG 2018-03-28 13:51:19[7452] : CDuiHandlerMain::OnDuiMessage:uID=1087, name=edit1, msg=19, wParam=0, lParam=0
DEBUG 2018-03-28 13:51:19[7452] : CDuiHandlerPlugin::OnDuiMessage:uID=1049, name=edit1, msg=19, wParam=0, lParam=0
DEBUG 2018-03-28 13:51:28[7452] : CDuiHandlerMain::OnDuiMessage:uID=1087, name=edit1, msg=19, wParam=0, lParam=0
DEBUG 2018-03-28 13:51:28[7452] : CDuiHandlerPlugin::OnDuiMessage:uID=1049, name=edit1, msg=19, wParam=0, lParam=0
DEBUG 2018-03-28 13:51:28[7452] : CDuiHandlerMain::OnDuiMessage:uID=1162, name=gridctrl_1, msg=1, wParam=7, lParam=1
DEBUG 2018-03-28 13:51:37[7452] : CDuiHandlerMain::OnDuiMessage:uID=1087, name=edit1, msg=19, wParam=0, lParam=0
DEBUG 2018-03-28 13:51:37[7452] : CDuiHandlerPlugin::OnDuiMessage:uID=1049, name=edit1, msg=19, wParam=0, lParam=0
DEBUG 2018-03-28 13:51:37[7452] : CDuiHandlerMain::OnDuiMessage:uID=1167, name=grid_btn_resume, msg=1, wParam=0, lParam=0
DEBUG 2018-03-28 13:51:37[7452] : CDuiHandlerMain::OnDuiMessage:uID=1167, name=grid_btn_resume, msg=2, wParam=0, lParam=0
DEBUG 2018-03-28 13:51:37[7452] : CDuiHandlerMain::OnDuiMessage:uID=1087, name=edit1, msg=19, wParam=0, lParam=0
DEBUG 2018-03-28 13:51:37[7452] : CDuiHandlerPlugin::OnDuiMessage:uID=1049, name=edit1, msg=19, wParam=0, lParam=0
DEBUG 2018-03-28 13:51:37[7452] : CDuiHandlerMain::OnDuiMessage:uID=1167, name=grid_btn_resume, msg=1, wParam=0, lParam=0
DEBUG 2018-03-28 13:51:37[7452] : CDuiHandlerMain::OnDuiMessage:uID=1167, name=grid_btn_resume, msg=2, wParam=0, lParam=0
DEBUG 2018-03-28 13:51:38[7452] : CDuiHandlerMain::OnDuiMessage:uID=1167, name=grid_btn_resume, msg=1, wParam=0, lParam=0
DEBUG 2018-03-28 13:51:38[7452] : CDuiHandlerMain::OnDuiMessage:uID=1167, name=grid_btn_resume, msg=2, wParam=0, lParam=0
DEBUG 2018-03-28 13:51:38[7452] : CDuiHandlerMain::OnDuiMessage:uID=1087, name=edit1, msg=19, wParam=0, lParam=0
DEBUG 2018-03-28 13:51:38[7452] : CDuiHandlerPlugin::OnDuiMessage:uID=1049, name=edit1, msg=19, wParam=0, lParam=0
DEBUG 2018-03-28 13:51:38[7452] : CDuiHandlerMain::OnDuiMessage:uID=1162, name=gridctrl_1, msg=1, wParam=5, lParam=3
DEBUG 2018-03-28 13:51:39[7452] : CDuiHandlerMain::OnDuiMessage:uID=1087, name=edit1, msg=19, wParam=0, lParam=0
DEBUG 2018-03-28 13:51:39[7452] : CDuiHandlerPlugin::OnDuiMessage:uID=1049, name=edit1, msg=19, wParam=0, lParam=0
DEBUG 2018-03-28 13:51:39[7452] : CDuiHandlerMain::OnDuiMessage:uID=1168, name=grid_btn_cancel, msg=1, wParam=0, lParam=0
DEBUG 2018-03-28 13:51:39[7452] : CDuiHandlerMain::OnDuiMessage:uID=1168, name=grid_btn_cancel, msg=2, wParam=0, lParam=0
DEBUG 2018-03-28 13:51:43[7452] : CDuiHandlerMain::OnDuiMessage:uID=1030, name=tabctrl.main, msg=1, wParam=3, lParam=0
DEBUG 2018-03-28 13:51:44[7452] : CDuiHandlerMain::OnDuiMessage:uID=1087, name=edit1, msg=19, wParam=0, lParam=0
DEBUG 2018-03-28 13:51:44[7452] : CDuiHandlerPlugin::OnDuiMessage:uID=1049, name=edit1, msg=19, wParam=0, lParam=0
DEBUG 2018-03-28 13:51:49[7452] : CDuiHandlerMain::OnDuiMessage:uID=1214, name=menuitem_radio_2, msg=4, wParam=0, lParam=1
DEBUG 2018-03-28 13:51:54[7452] : CDuiHandlerMain::OnDuiMessage:uID=905, name=skin.wnd, msg=1, wParam=9689484, lParam=0
DEBUG 2018-03-28 13:51:54[7452] : CDuiHandlerMain::OnDuiMessage:uID=905, name=skin.wnd, msg=2, wParam=2, lParam=9689472
DEBUG 2018-03-28 13:52:00[7452] : CDuiHandlerMain::OnDuiMessage:uID=1189, name=ie_ctrl, msg=290, wParam=9693552, lParam=0
DEBUG 2018-03-28 13:52:01[7452] : CDuiHandlerMain::OnDuiMessage:uID=1189, name=ie_ctrl, msg=102, wParam=9681472, lParam=0
DEBUG 2018-03-28 13:52:01[7452] : CDuiHandlerMain::OnDuiMessage:uID=1189, name=ie_ctrl, msg=105, wParam=9686976, lParam=0
DEBUG 2018-03-28 13:56:05[7452] : CDuiHandlerMain::OnDuiMessage:uID=1189, name=ie_ctrl, msg=105, wParam=9687000, lParam=0
DEBUG 2018-03-28 13:56:06[7452] : CDuiHandlerMain::OnDuiMessage:uID=1189, name=ie_ctrl, msg=105, wParam=9684552, lParam=0
DEBUG 2018-03-28 13:56:07[7452] : CDuiHandlerMain::OnDuiMessage:uID=1189, name=ie_ctrl, msg=102, wParam=9693616, lParam=0
DEBUG 2018-03-28 13:56:07[7452] : CDuiHandlerMain::OnDuiMessage:uID=1189, name=ie_ctrl, msg=108, wParam=9688696, lParam=0
DEBUG 2018-03-28 13:56:07[7452] : CDuiHandlerMain::OnDuiMessage:uID=1189, name=ie_ctrl, msg=108, wParam=9688752, lParam=0
DEBUG 2018-03-28 13:56:07[7452] : CDuiHandlerMain::OnDuiMessage:uID=1189, name=ie_ctrl, msg=104, wParam=9694124, lParam=0
DEBUG 2018-03-28 13:56:07[7452] : CDuiHandlerMain::OnDuiMessage:uID=1189, name=ie_ctrl, msg=108, wParam=9693528, lParam=0
DEBUG 2018-03-28 13:56:07[7452] : CDuiHandlerMain::OnDuiMessage:uID=1189, name=ie_ctrl, msg=259, wParam=9694128, lParam=0
DEBUG 2018-03-28 13:56:07[7452] : CDuiHandlerMain::OnDuiMessage:uID=1189, name=ie_ctrl, msg=105, wParam=9695888, lParam=0
DEBUG 2018-03-28 13:56:07[7452] : CDuiHandlerMain::OnDuiMessage:uID=1189, name=ie_ctrl, msg=108, wParam=9696040, lParam=0
DEBUG 2018-03-28 14:02:27[7452] : CDuiHandlerMain::OnDuiMessage:uID=800, name=tray.icon, msg=2, wParam=0, lParam=0
DEBUG 2018-03-28 14:02:27[7452] : CDuiHandlerMain::OnDuiMessage:uID=1189, name=ie_ctrl, msg=102, wParam=9693472, lParam=0
DEBUG 2018-03-28 14:02:27[7452] : CDuiHandlerMain::OnDuiMessage:uID=1189, name=ie_ctrl, msg=105, wParam=9695888, lParam=0
DEBUG 2018-03-28 14:02:28[7452] : CDuiHandlerMain::OnDuiMessage:uID=1030, name=tabctrl.main, msg=1, wParam=0, lParam=0
DEBUG 2018-03-28 14:06:38[7452] : CDuiHandlerMain::OnDuiMessage:uID=1308, name=linkbtn2, msg=1, wParam=0, lParam=0
DEBUG 2018-03-28 14:06:39[7452] : CDuiHandlerMain::OnDuiMessage:uID=1308, name=linkbtn2, msg=2, wParam=0, lParam=0
DEBUG 2018-03-28 14:07:29[7452] : CDuiHandlerMain::OnDuiMessage:uID=1087, name=edit1, msg=19, wParam=0, lParam=0
DEBUG 2018-03-28 14:07:29[7452] : CDuiHandlerPlugin::OnDuiMessage:uID=1049, name=edit1, msg=19, wParam=0, lParam=0
DEBUG 2018-03-28 14:43:38[7452] : ------------------End-------------------
DEBUG 2018-03-28 14:43:38[7452] : ------------------End-------------------
