生成启动时间为 2018/3/28 15:02:08。
     1>项目“C:\work\trunk\EndpointProduct\storageDLP\DuiVisionDemos\DuiVisionStorageDLP\DuiVisionStorageDLP\DuiVisionStorageDLP.vcxproj”在节点 2 上(rebuild 个目标)。
     1>_PrepareForClean:
         正在删除文件“Debug\DuiVisionStorageDLP.lastbuildstate”。
     1>C:\Program Files (x86)\MSBuild\Microsoft.Cpp\v4.0\Microsoft.CppBuild.targets(299,5): warning MSB8004: Output 目录未以斜杠结尾。此生成实例将添加斜杠，因为必须有这个斜杠才能正确计算 Output 目录。
       InitializeBuildStatus:
         正在创建“Debug\DuiVisionStorageDLP.unsuccessfulbuild”，因为已指定“AlwaysCreate”。
       ClCompile:
         C:\Program Files (x86)\Microsoft Visual Studio 10.0\VC\bin\CL.exe /c /I..\DuiVision\include /I..\DuiVision\common /Zi /nologo /W3 /WX- /Od /Oy- /D WIN32 /D _WINDOWS /D STRICT /D _DEBUG /D _CRT_SECURE_NO_WARNINGS /D _UNICODE /D UNICODE /D _AFXDLL /Gm /EHsc /RTC1 /MDd /GS /fp:precise /Zc:wchar_t /Zc:forScope /Yc"StdAfx.h" /Fp"Debug\DuiVisionStorageDLP.pch" /Fo"Debug\\" /Fd"Debug\vc100.pdb" /Gd /TP /analyze- /errorReport:prompt stdafx.cpp
         stdafx.cpp
         _WIN32_WINNT not defined. Defaulting to _WIN32_WINNT_MAXVER (see WinSDKVer.h)
         C:\Program Files (x86)\Microsoft Visual Studio 10.0\VC\bin\CL.exe /c /I..\DuiVision\include /I..\DuiVision\common /Zi /nologo /W3 /WX- /Od /Oy- /D WIN32 /D _WINDOWS /D STRICT /D _DEBUG /D _CRT_SECURE_NO_WARNINGS /D _UNICODE /D UNICODE /D _AFXDLL /Gm /EHsc /RTC1 /MDd /GS /fp:precise /Zc:wchar_t /Zc:forScope /Yu"StdAfx.h" /Fp"Debug\DuiVisionStorageDLP.pch" /Fo"Debug\\" /Fd"Debug\vc100.pdb" /Gd /TP /analyze- /errorReport:prompt DuiHandlerHome.cpp DuiHandlerMain.cpp DuiVisionStorageDLP.cpp
         DuiVisionStorageDLP.cpp
         DuiHandlerMain.cpp
         DuiHandlerHome.cpp
         正在生成代码...
       ResourceCompile:
         C:\Program Files (x86)\Microsoft SDKs\Windows\v7.0A\bin\rc.exe /D _UNICODE /D UNICODE /D _AFXDLL /l"0x0409" /nologo /fo"Debug\DuiVisionStorageDLP.res" DuiVisionStorageDLP.rc 
       ManifestResourceCompile:
         C:\Program Files (x86)\Microsoft SDKs\Windows\v7.0A\bin\rc.exe /nologo /fo"Debug\DuiVisionStorageDLP.exe.embed.manifest.res" Debug\DuiVisionStorageDLP_manifest.rc 
       Link:
         C:\Program Files (x86)\Microsoft Visual Studio 10.0\VC\bin\link.exe /ERRORREPORT:PROMPT /OUT:"C:\work\trunk\EndpointProduct\storageDLP\DuiVisionDemos\DuiVisionStorageDLP\bin\/DuiVisionStorageDLP.exe" /INCREMENTAL /NOLOGO /LIBPATH:../Lib /LIBPATH:"../DuiVision/third-part/wke" DuiVision.2010.lib /MANIFEST /ManifestFile:"Debug\DuiVisionStorageDLP.exe.intermediate.manifest" /MANIFESTUAC:"level='asInvoker' uiAccess='false'" /DEBUG /PDB:"C:\work\trunk\EndpointProduct\storageDLP\DuiVisionDemos\DuiVisionStorageDLP\bin\DuiVisionStorageDLP.pdb" /TLBID:1 /ENTRY:"wWinMainCRTStartup" /DYNAMICBASE /NXCOMPAT /IMPLIB:"C:\work\trunk\EndpointProduct\storageDLP\DuiVisionDemos\DuiVisionStorageDLP\bin\DuiVisionStorageDLP.lib" /MACHINE:X86 Debug\DuiVisionStorageDLP.res
         Debug\DuiVisionStorageDLP.exe.embed.manifest.res
         Debug\DuiHandlerHome.obj
         Debug\DuiHandlerMain.obj
         Debug\DuiVisionStorageDLP.obj
         Debug\stdafx.obj
       Manifest:
         正在删除文件“Debug\DuiVisionStorageDLP.exe.embed.manifest”。
         C:\Program Files (x86)\Microsoft SDKs\Windows\v7.0A\bin\mt.exe /nologo /verbose /out:"Debug\DuiVisionStorageDLP.exe.embed.manifest" /manifest Debug\DuiVisionStorageDLP.exe.intermediate.manifest "C:\Program Files (x86)\Microsoft Visual Studio 10.0\VC\Include\Manifest\dpiaware.manifest"
         C:\Program Files (x86)\Microsoft SDKs\Windows\v7.0A\bin\rc.exe /nologo /fo"Debug\DuiVisionStorageDLP.exe.embed.manifest.res" Debug\DuiVisionStorageDLP_manifest.rc 
       LinkEmbedManifest:
         C:\Program Files (x86)\Microsoft Visual Studio 10.0\VC\bin\link.exe /ERRORREPORT:PROMPT /OUT:"C:\work\trunk\EndpointProduct\storageDLP\DuiVisionDemos\DuiVisionStorageDLP\bin\/DuiVisionStorageDLP.exe" /INCREMENTAL /NOLOGO /LIBPATH:../Lib /LIBPATH:"../DuiVision/third-part/wke" DuiVision.2010.lib /MANIFEST /ManifestFile:"Debug\DuiVisionStorageDLP.exe.intermediate.manifest" /MANIFESTUAC:"level='asInvoker' uiAccess='false'" /DEBUG /PDB:"C:\work\trunk\EndpointProduct\storageDLP\DuiVisionDemos\DuiVisionStorageDLP\bin\DuiVisionStorageDLP.pdb" /TLBID:1 /ENTRY:"wWinMainCRTStartup" /DYNAMICBASE /NXCOMPAT /IMPLIB:"C:\work\trunk\EndpointProduct\storageDLP\DuiVisionDemos\DuiVisionStorageDLP\bin\DuiVisionStorageDLP.lib" /MACHINE:X86 Debug\DuiVisionStorageDLP.res
         Debug\DuiVisionStorageDLP.exe.embed.manifest.res
         Debug\DuiHandlerHome.obj
         Debug\DuiHandlerMain.obj
         Debug\DuiVisionStorageDLP.obj
         Debug\stdafx.obj
         DuiVisionStorageDLP.vcxproj -> C:\work\trunk\EndpointProduct\storageDLP\DuiVisionDemos\DuiVisionStorageDLP\bin\DuiVisionStorageDLP.exe
       FinalizeBuildStatus:
         正在删除文件“Debug\DuiVisionStorageDLP.unsuccessfulbuild”。
         正在对“Debug\DuiVisionStorageDLP.lastbuildstate”执行 Touch 任务。
     1>已完成生成项目“C:\work\trunk\EndpointProduct\storageDLP\DuiVisionDemos\DuiVisionStorageDLP\DuiVisionStorageDLP\DuiVisionStorageDLP.vcxproj”(rebuild 个目标)的操作。

生成成功。

已用时间 00:00:08.49
