C:\WORK\TRUNK\ENDPOINTPRODUCT\STORAGEDLP\DUIVISIONDEMOS\DUIVISIONSTORAGEDLP\BIN\DUIVISIONSTORAGEDLP.EXE
C:\WORK\TRUNK\ENDPOINTPRODUCT\STORAGEDLP\DUIVISIONDEMOS\DUIVISIONSTORAGEDLP\BIN\DUIVISIONSTORAGEDLP.ILK
C:\WORK\TRUNK\ENDPOINTPRODUCT\STORAGEDLP\DUIVISIONDEMOS\DUIVISIONSTORAGEDLP\BIN\DUIVISIONSTORAGEDLP.PDB
C:\work\trunk\EndpointProduct\storageDLP\DuiVisionDemos\DuiVisionStorageDLP\DuiVisionStorageDLP\Debug\cl.command.1.tlog
C:\work\trunk\EndpointProduct\storageDLP\DuiVisionDemos\DuiVisionStorageDLP\DuiVisionStorageDLP\Debug\CL.read.1.tlog
C:\work\trunk\EndpointProduct\storageDLP\DuiVisionDemos\DuiVisionStorageDLP\DuiVisionStorageDLP\Debug\CL.write.1.tlog
C:\WORK\TRUNK\ENDPOINTPRODUCT\STORAGEDLP\DUIVISIONDEMOS\DUIVISIONSTORAGEDLP\DUIVISIONSTORAGEDLP\DEBUG\DUIHANDLERHOME.OBJ
C:\WORK\TRUNK\ENDPOINTPRODUCT\STORAGEDLP\DUIVISIONDEMOS\DUIVISIONSTORAGEDLP\DUIVISIONSTORAGEDLP\DEBUG\DUIHANDLERMAIN.OBJ
C:\WORK\TRUNK\ENDPOINTPRODUCT\STORAGEDLP\DUIVISIONDEMOS\DUIVISIONSTORAGEDLP\DUIVISIONSTORAGEDLP\DEBUG\DUIVISIONSTORAGEDLP.EXE.EMBED.MANIFEST
C:\WORK\TRUNK\ENDPOINTPRODUCT\STORAGEDLP\DUIVISIONDEMOS\DUIVISIONSTORAGEDLP\DUIVISIONSTORAGEDLP\DEBUG\DUIVISIONSTORAGEDLP.EXE.EMBED.MANIFEST.RES
C:\WORK\TRUNK\ENDPOINTPRODUCT\STORAGEDLP\DUIVISIONDEMOS\DUIVISIONSTORAGEDLP\DUIVISIONSTORAGEDLP\DEBUG\DUIVISIONSTORAGEDLP.EXE.INTERMEDIATE.MANIFEST
C:\WORK\TRUNK\ENDPOINTPRODUCT\STORAGEDLP\DUIVISIONDEMOS\DUIVISIONSTORAGEDLP\DUIVISIONSTORAGEDLP\DEBUG\DUIVISIONSTORAGEDLP.OBJ
C:\WORK\TRUNK\ENDPOINTPRODUCT\STORAGEDLP\DUIVISIONDEMOS\DUIVISIONSTORAGEDLP\DUIVISIONSTORAGEDLP\DEBUG\DUIVISIONSTORAGEDLP.PCH
C:\WORK\TRUNK\ENDPOINTPRODUCT\STORAGEDLP\DUIVISIONDEMOS\DUIVISIONSTORAGEDLP\DUIVISIONSTORAGEDLP\DEBUG\DUIVISIONSTORAGEDLP.RES
C:\work\trunk\EndpointProduct\storageDLP\DuiVisionDemos\DuiVisionStorageDLP\DuiVisionStorageDLP\Debug\DuiVisionStorageDLP.write.1.tlog
C:\work\trunk\EndpointProduct\storageDLP\DuiVisionDemos\DuiVisionStorageDLP\DuiVisionStorageDLP\Debug\DuiVisionStorageDLP_manifest.rc
C:\work\trunk\EndpointProduct\storageDLP\DuiVisionDemos\DuiVisionStorageDLP\DuiVisionStorageDLP\Debug\link.command.1.tlog
C:\work\trunk\EndpointProduct\storageDLP\DuiVisionDemos\DuiVisionStorageDLP\DuiVisionStorageDLP\Debug\link.read.1.tlog
C:\work\trunk\EndpointProduct\storageDLP\DuiVisionDemos\DuiVisionStorageDLP\DuiVisionStorageDLP\Debug\link.write.1.tlog
C:\work\trunk\EndpointProduct\storageDLP\DuiVisionDemos\DuiVisionStorageDLP\DuiVisionStorageDLP\Debug\link-cvtres.read.1.tlog
C:\work\trunk\EndpointProduct\storageDLP\DuiVisionDemos\DuiVisionStorageDLP\DuiVisionStorageDLP\Debug\link-cvtres.write.1.tlog
C:\work\trunk\EndpointProduct\storageDLP\DuiVisionDemos\DuiVisionStorageDLP\DuiVisionStorageDLP\Debug\mt.command.1.tlog
C:\work\trunk\EndpointProduct\storageDLP\DuiVisionDemos\DuiVisionStorageDLP\DuiVisionStorageDLP\Debug\mt.read.1.tlog
C:\work\trunk\EndpointProduct\storageDLP\DuiVisionDemos\DuiVisionStorageDLP\DuiVisionStorageDLP\Debug\mt.write.1.tlog
C:\work\trunk\EndpointProduct\storageDLP\DuiVisionDemos\DuiVisionStorageDLP\DuiVisionStorageDLP\Debug\rc.command.1.tlog
C:\work\trunk\EndpointProduct\storageDLP\DuiVisionDemos\DuiVisionStorageDLP\DuiVisionStorageDLP\Debug\rc.read.1.tlog
C:\work\trunk\EndpointProduct\storageDLP\DuiVisionDemos\DuiVisionStorageDLP\DuiVisionStorageDLP\Debug\rc.write.1.tlog
C:\WORK\TRUNK\ENDPOINTPRODUCT\STORAGEDLP\DUIVISIONDEMOS\DUIVISIONSTORAGEDLP\DUIVISIONSTORAGEDLP\DEBUG\STDAFX.OBJ
C:\work\trunk\EndpointProduct\storageDLP\DuiVisionDemos\DuiVisionStorageDLP\DuiVisionStorageDLP\Debug\vc100.idb
C:\WORK\TRUNK\ENDPOINTPRODUCT\STORAGEDLP\DUIVISIONDEMOS\DUIVISIONSTORAGEDLP\DUIVISIONSTORAGEDLP\DEBUG\VC100.PDB
