C:\WORK\TRUNK\ENDPOINTPRODUCT\STORAGEDLP\DUIVISIONDEMOS\DUIVISIONSTORAGEDLP\DUIVISION\DEBUG\APP.RES
C:\WORK\TRUNK\ENDPOINTPRODUCT\STORAGEDLP\DUIVISIONDEMOS\DUIVISIONSTORAGEDLP\DUIVISION\DEBUG\AREA.OBJ
C:\WORK\TRUNK\ENDPOINTPRODUCT\STORAGEDLP\DUIVISIONDEMOS\DUIVISIONSTORAGEDLP\DUIVISION\DEBUG\CHECKBUTTON.OBJ
C:\work\trunk\EndpointProduct\storageDLP\DuiVisionDemos\DuiVisionStorageDLP\DuiVision\Debug\cl.command.1.tlog
C:\work\trunk\EndpointProduct\storageDLP\DuiVisionDemos\DuiVisionStorageDLP\DuiVision\Debug\CL.read.1.tlog
C:\work\trunk\EndpointProduct\storageDLP\DuiVisionDemos\DuiVisionStorageDLP\DuiVision\Debug\CL.write.1.tlog
C:\WORK\TRUNK\ENDPOINTPRODUCT\STORAGEDLP\DUIVISIONDEMOS\DUIVISIONSTORAGEDLP\DUIVISION\DEBUG\CONTROLBASE.OBJ
C:\WORK\TRUNK\ENDPOINTPRODUCT\STORAGEDLP\DUIVISIONDEMOS\DUIVISIONSTORAGEDLP\DUIVISION\DEBUG\DLGBASE.OBJ
C:\WORK\TRUNK\ENDPOINTPRODUCT\STORAGEDLP\DUIVISIONDEMOS\DUIVISIONSTORAGEDLP\DUIVISION\DEBUG\DLGPOPUP.OBJ
C:\WORK\TRUNK\ENDPOINTPRODUCT\STORAGEDLP\DUIVISIONDEMOS\DUIVISIONSTORAGEDLP\DUIVISION\DEBUG\DLGSKIN.OBJ
C:\WORK\TRUNK\ENDPOINTPRODUCT\STORAGEDLP\DUIVISIONDEMOS\DUIVISIONSTORAGEDLP\DUIVISION\DEBUG\DUIACTIVEX.OBJ
C:\WORK\TRUNK\ENDPOINTPRODUCT\STORAGEDLP\DUIVISIONDEMOS\DUIVISIONSTORAGEDLP\DUIVISION\DEBUG\DUIANIMATEIMG.OBJ
C:\WORK\TRUNK\ENDPOINTPRODUCT\STORAGEDLP\DUIVISIONDEMOS\DUIVISIONSTORAGEDLP\DUIVISION\DEBUG\DUIBUTTON.OBJ
C:\WORK\TRUNK\ENDPOINTPRODUCT\STORAGEDLP\DUIVISIONDEMOS\DUIVISIONSTORAGEDLP\DUIVISION\DEBUG\DUICOMBOBOX.OBJ
C:\WORK\TRUNK\ENDPOINTPRODUCT\STORAGEDLP\DUIVISIONDEMOS\DUIVISIONSTORAGEDLP\DUIVISION\DEBUG\DUIEDIT.OBJ
C:\WORK\TRUNK\ENDPOINTPRODUCT\STORAGEDLP\DUIVISIONDEMOS\DUIVISIONSTORAGEDLP\DUIVISION\DEBUG\DUIGRIDCTRL.OBJ
C:\WORK\TRUNK\ENDPOINTPRODUCT\STORAGEDLP\DUIVISIONDEMOS\DUIVISIONSTORAGEDLP\DUIVISION\DEBUG\DUIHANDLER.OBJ
C:\WORK\TRUNK\ENDPOINTPRODUCT\STORAGEDLP\DUIVISIONDEMOS\DUIVISIONSTORAGEDLP\DUIVISION\DEBUG\DUILAYOUT.OBJ
C:\WORK\TRUNK\ENDPOINTPRODUCT\STORAGEDLP\DUIVISIONDEMOS\DUIVISIONSTORAGEDLP\DUIVISION\DEBUG\DUILISTCTRL.OBJ
C:\WORK\TRUNK\ENDPOINTPRODUCT\STORAGEDLP\DUIVISIONDEMOS\DUIVISIONSTORAGEDLP\DUIVISION\DEBUG\DUIMENU.OBJ
C:\WORK\TRUNK\ENDPOINTPRODUCT\STORAGEDLP\DUIVISIONDEMOS\DUIVISIONSTORAGEDLP\DUIVISION\DEBUG\DUINATIVEWND.OBJ
C:\WORK\TRUNK\ENDPOINTPRODUCT\STORAGEDLP\DUIVISIONDEMOS\DUIVISIONSTORAGEDLP\DUIVISION\DEBUG\DUIOBJECT.OBJ
C:\WORK\TRUNK\ENDPOINTPRODUCT\STORAGEDLP\DUIVISIONDEMOS\DUIVISIONSTORAGEDLP\DUIVISION\DEBUG\DUIRICHEDIT.OBJ
C:\WORK\TRUNK\ENDPOINTPRODUCT\STORAGEDLP\DUIVISIONDEMOS\DUIVISIONSTORAGEDLP\DUIVISION\DEBUG\DUISLIDER.OBJ
C:\WORK\TRUNK\ENDPOINTPRODUCT\STORAGEDLP\DUIVISIONDEMOS\DUIVISIONSTORAGEDLP\DUIVISION\DEBUG\DUISYSTEM.OBJ
C:\WORK\TRUNK\ENDPOINTPRODUCT\STORAGEDLP\DUIVISIONDEMOS\DUIVISIONSTORAGEDLP\DUIVISION\DEBUG\DUITAB.OBJ
C:\WORK\TRUNK\ENDPOINTPRODUCT\STORAGEDLP\DUIVISIONDEMOS\DUIVISIONSTORAGEDLP\DUIVISION\DEBUG\DUITEXT.OBJ
C:\WORK\TRUNK\ENDPOINTPRODUCT\STORAGEDLP\DUIVISIONDEMOS\DUIVISIONSTORAGEDLP\DUIVISION\DEBUG\DUITREECTRL.OBJ
C:\work\trunk\EndpointProduct\storageDLP\DuiVisionDemos\DuiVisionStorageDLP\DuiVision\Debug\DuiVision.2010.write.1.tlog
C:\WORK\TRUNK\ENDPOINTPRODUCT\STORAGEDLP\DUIVISIONDEMOS\DUIVISIONSTORAGEDLP\DUIVISION\DEBUG\DUIVISION.2010D.PCH
C:\WORK\TRUNK\ENDPOINTPRODUCT\STORAGEDLP\DUIVISIONDEMOS\DUIVISIONSTORAGEDLP\DUIVISION\DEBUG\DUIVISION.OBJ
C:\WORK\TRUNK\ENDPOINTPRODUCT\STORAGEDLP\DUIVISIONDEMOS\DUIVISIONSTORAGEDLP\DUIVISION\DEBUG\DUIVISIONAPP.OBJ
C:\WORK\TRUNK\ENDPOINTPRODUCT\STORAGEDLP\DUIVISIONDEMOS\DUIVISIONSTORAGEDLP\DUIVISION\DEBUG\DUIWKEVIEW.OBJ
C:\WORK\TRUNK\ENDPOINTPRODUCT\STORAGEDLP\DUIVISIONDEMOS\DUIVISIONSTORAGEDLP\DUIVISION\DEBUG\DUIXML.OBJ
C:\WORK\TRUNK\ENDPOINTPRODUCT\STORAGEDLP\DUIVISIONDEMOS\DUIVISIONSTORAGEDLP\DUIVISION\DEBUG\GLOBALFUNCTION.OBJ
C:\WORK\TRUNK\ENDPOINTPRODUCT\STORAGEDLP\DUIVISIONDEMOS\DUIVISIONSTORAGEDLP\DUIVISION\DEBUG\HIDEBUTTON.OBJ
C:\WORK\TRUNK\ENDPOINTPRODUCT\STORAGEDLP\DUIVISIONDEMOS\DUIVISIONSTORAGEDLP\DUIVISION\DEBUG\IMAGESTRING.OBJ
C:\work\trunk\EndpointProduct\storageDLP\DuiVisionDemos\DuiVisionStorageDLP\DuiVision\Debug\lib.command.1.tlog
C:\work\trunk\EndpointProduct\storageDLP\DuiVisionDemos\DuiVisionStorageDLP\DuiVision\Debug\Lib-link.read.1.tlog
C:\work\trunk\EndpointProduct\storageDLP\DuiVisionDemos\DuiVisionStorageDLP\DuiVision\Debug\Lib-link.write.1.tlog
C:\work\trunk\EndpointProduct\storageDLP\DuiVisionDemos\DuiVisionStorageDLP\DuiVision\Debug\Lib-link-cvtres.read.1.tlog
C:\work\trunk\EndpointProduct\storageDLP\DuiVisionDemos\DuiVisionStorageDLP\DuiVision\Debug\Lib-link-cvtres.write.1.tlog
C:\WORK\TRUNK\ENDPOINTPRODUCT\STORAGEDLP\DUIVISIONDEMOS\DUIVISIONSTORAGEDLP\DUIVISION\DEBUG\LINKBUTTON.OBJ
C:\WORK\TRUNK\ENDPOINTPRODUCT\STORAGEDLP\DUIVISIONDEMOS\DUIVISIONSTORAGEDLP\DUIVISION\DEBUG\LOGMGR.OBJ
C:\WORK\TRUNK\ENDPOINTPRODUCT\STORAGEDLP\DUIVISIONDEMOS\DUIVISIONSTORAGEDLP\DUIVISION\DEBUG\MENUITEM.OBJ
C:\WORK\TRUNK\ENDPOINTPRODUCT\STORAGEDLP\DUIVISIONDEMOS\DUIVISIONSTORAGEDLP\DUIVISION\DEBUG\PANEL.OBJ
C:\WORK\TRUNK\ENDPOINTPRODUCT\STORAGEDLP\DUIVISIONDEMOS\DUIVISIONSTORAGEDLP\DUIVISION\DEBUG\PICTURE.OBJ
C:\WORK\TRUNK\ENDPOINTPRODUCT\STORAGEDLP\DUIVISIONDEMOS\DUIVISIONSTORAGEDLP\DUIVISION\DEBUG\POPUPLIST.OBJ
C:\WORK\TRUNK\ENDPOINTPRODUCT\STORAGEDLP\DUIVISIONDEMOS\DUIVISIONSTORAGEDLP\DUIVISION\DEBUG\PROGRESS.OBJ
C:\WORK\TRUNK\ENDPOINTPRODUCT\STORAGEDLP\DUIVISIONDEMOS\DUIVISIONSTORAGEDLP\DUIVISION\DEBUG\PUGIXML.OBJ
C:\WORK\TRUNK\ENDPOINTPRODUCT\STORAGEDLP\DUIVISIONDEMOS\DUIVISIONSTORAGEDLP\DUIVISION\DEBUG\RADIOBUTTON.OBJ
C:\work\trunk\EndpointProduct\storageDLP\DuiVisionDemos\DuiVisionStorageDLP\DuiVision\Debug\rc.command.1.tlog
C:\work\trunk\EndpointProduct\storageDLP\DuiVisionDemos\DuiVisionStorageDLP\DuiVision\Debug\rc.read.1.tlog
C:\work\trunk\EndpointProduct\storageDLP\DuiVisionDemos\DuiVisionStorageDLP\DuiVision\Debug\rc.write.1.tlog
C:\WORK\TRUNK\ENDPOINTPRODUCT\STORAGEDLP\DUIVISIONDEMOS\DUIVISIONSTORAGEDLP\DUIVISION\DEBUG\RECTANGLE.OBJ
C:\WORK\TRUNK\ENDPOINTPRODUCT\STORAGEDLP\DUIVISIONDEMOS\DUIVISIONSTORAGEDLP\DUIVISION\DEBUG\SCROLL.OBJ
C:\WORK\TRUNK\ENDPOINTPRODUCT\STORAGEDLP\DUIVISIONDEMOS\DUIVISIONSTORAGEDLP\DUIVISION\DEBUG\SELECTBOX.OBJ
C:\WORK\TRUNK\ENDPOINTPRODUCT\STORAGEDLP\DUIVISIONDEMOS\DUIVISIONSTORAGEDLP\DUIVISION\DEBUG\STDAFX.OBJ
C:\WORK\TRUNK\ENDPOINTPRODUCT\STORAGEDLP\DUIVISIONDEMOS\DUIVISIONSTORAGEDLP\DUIVISION\DEBUG\TASKMGR.OBJ
C:\WORK\TRUNK\ENDPOINTPRODUCT\STORAGEDLP\DUIVISIONDEMOS\DUIVISIONSTORAGEDLP\DUIVISION\DEBUG\TEXTBUTTON.OBJ
C:\WORK\TRUNK\ENDPOINTPRODUCT\STORAGEDLP\DUIVISIONDEMOS\DUIVISIONSTORAGEDLP\DUIVISION\DEBUG\TIMER.OBJ
C:\work\trunk\EndpointProduct\storageDLP\DuiVisionDemos\DuiVisionStorageDLP\DuiVision\Debug\vc100.idb
C:\WORK\TRUNK\ENDPOINTPRODUCT\STORAGEDLP\DUIVISIONDEMOS\DUIVISIONSTORAGEDLP\DUIVISION\DEBUG\VC100.PDB
C:\WORK\TRUNK\ENDPOINTPRODUCT\STORAGEDLP\DUIVISIONDEMOS\DUIVISIONSTORAGEDLP\DUIVISION\DEBUG\WINDWMWRAPPER.OBJ
C:\WORK\TRUNK\ENDPOINTPRODUCT\STORAGEDLP\DUIVISIONDEMOS\DUIVISIONSTORAGEDLP\DUIVISION\DEBUG\WNDBASE.OBJ
C:\WORK\TRUNK\ENDPOINTPRODUCT\STORAGEDLP\DUIVISIONDEMOS\DUIVISIONSTORAGEDLP\DUIVISION\DEBUG\WNDSHADOW.OBJ
C:\WORK\TRUNK\ENDPOINTPRODUCT\STORAGEDLP\DUIVISIONDEMOS\DUIVISIONSTORAGEDLP\DUIVISION\DEBUG\XUNZIP.OBJ
C:\WORK\TRUNK\ENDPOINTPRODUCT\STORAGEDLP\DUIVISIONDEMOS\DUIVISIONSTORAGEDLP\LIB\DUIVISION.2010D.LIB
