生成启动时间为 2018/4/4 14:59:35。
     1>项目“C:\work\trunk\EndpointProduct\storageDLP\OtherDemo\NamedPipe\NamedPipeClient\NamedPipeClient.vcxproj”在节点 2 上(rebuild 个目标)。
     1>InitializeBuildStatus:
         正在创建“Debug\NamedPipeClient.unsuccessfulbuild”，因为已指定“AlwaysCreate”。
       ClCompile:
         C:\Program Files (x86)\Microsoft Visual Studio 10.0\VC\bin\CL.exe /c /ZI /nologo /W3 /WX- /Od /Oy- /D _MBCS /Gm /EHsc /RTC1 /MDd /GS /fp:precise /Zc:wchar_t /Zc:forScope /Fo"Debug\\" /Fd"Debug\vc100.pdb" /Gd /TP /analyze- /errorReport:prompt NamedPipeServer.cpp
         NamedPipeServer.cpp
     1>c:\work\trunk\endpointproduct\storagedlp\otherdemo\namedpipe\namedpipeclient\namedpipeserver.cpp(36): warning C4996: 'strcpy': This function or variable may be unsafe. Consider using strcpy_s instead. To disable deprecation, use _CRT_SECURE_NO_WARNINGS. See online help for details.
                 c:\program files (x86)\microsoft visual studio 10.0\vc\include\string.h(105) : 参见“strcpy”的声明
       Link:
         C:\Program Files (x86)\Microsoft Visual Studio 10.0\VC\bin\link.exe /ERRORREPORT:PROMPT /OUT:"C:\work\trunk\EndpointProduct\storageDLP\OtherDemo\NamedPipe\Debug\NamedPipeClient.exe" /NOLOGO kernel32.lib user32.lib gdi32.lib winspool.lib comdlg32.lib advapi32.lib shell32.lib ole32.lib oleaut32.lib uuid.lib odbc32.lib odbccp32.lib /MANIFEST /ManifestFile:"Debug\NamedPipeClient.exe.intermediate.manifest" /MANIFESTUAC:"level='asInvoker' uiAccess='false'" /DEBUG /PDB:"C:\work\trunk\EndpointProduct\storageDLP\OtherDemo\NamedPipe\Debug\NamedPipeClient.pdb" /TLBID:1 /DYNAMICBASE /NXCOMPAT /IMPLIB:"C:\work\trunk\EndpointProduct\storageDLP\OtherDemo\NamedPipe\Debug\NamedPipeClient.lib" /MACHINE:X86 Debug\NamedPipeServer.obj
         NamedPipeClient.vcxproj -> C:\work\trunk\EndpointProduct\storageDLP\OtherDemo\NamedPipe\Debug\NamedPipeClient.exe
       Manifest:
         C:\Program Files (x86)\Microsoft SDKs\Windows\v7.0A\bin\mt.exe /nologo /verbose /outputresource:"C:\work\trunk\EndpointProduct\storageDLP\OtherDemo\NamedPipe\Debug\NamedPipeClient.exe;#1" /manifest Debug\NamedPipeClient.exe.intermediate.manifest
       FinalizeBuildStatus:
         正在删除文件“Debug\NamedPipeClient.unsuccessfulbuild”。
         正在对“Debug\NamedPipeClient.lastbuildstate”执行 Touch 任务。
     1>已完成生成项目“C:\work\trunk\EndpointProduct\storageDLP\OtherDemo\NamedPipe\NamedPipeClient\NamedPipeClient.vcxproj”(rebuild 个目标)的操作。

生成成功。

已用时间 00:00:02.71
