C:\WORK\TRUNK\ENDPOINTPRODUCT\STORAGEDLP\DUIVISIONDEMOS\DUIVISIONDEMO-20161218\BIN\DUIVISIONDEMO.2010D.EXE
C:\WORK\TRUNK\ENDPOINTPRODUCT\STORAGEDLP\DUIVISIONDEMOS\DUIVISIONDEMO-20161218\BIN\DUIVISIONDEMO.2010D.ILK
C:\WORK\TRUNK\ENDPOINTPRODUCT\STORAGEDLP\DUIVISIONDEMOS\DUIVISIONDEMO-20161218\BIN\DUIVISIONDEMO.2010D.PDB
C:\work\trunk\EndpointProduct\storageDLP\DuiVisionDemos\DuiVisionDemo-20161218\DuiVisionDemo\Debug\cl.command.1.tlog
C:\work\trunk\EndpointProduct\storageDLP\DuiVisionDemos\DuiVisionDemo-20161218\DuiVisionDemo\Debug\CL.read.1.tlog
C:\work\trunk\EndpointProduct\storageDLP\DuiVisionDemos\DuiVisionDemo-20161218\DuiVisionDemo\Debug\CL.write.1.tlog
C:\WORK\TRUNK\ENDPOINTPRODUCT\STORAGEDLP\DUIVISIONDEMOS\DUIVISIONDEMO-20161218\DUIVISIONDEMO\DEBUG\DUIHANDLERMAIN.OBJ
C:\work\trunk\EndpointProduct\storageDLP\DuiVisionDemos\DuiVisionDemo-20161218\DuiVisionDemo\Debug\DuiVisionDemo.2010.write.1.tlog
C:\WORK\TRUNK\ENDPOINTPRODUCT\STORAGEDLP\DUIVISIONDEMOS\DUIVISIONDEMO-20161218\DUIVISIONDEMO\DEBUG\DUIVISIONDEMO.2010D.EXE.EMBED.MANIFEST
C:\WORK\TRUNK\ENDPOINTPRODUCT\STORAGEDLP\DUIVISIONDEMOS\DUIVISIONDEMO-20161218\DUIVISIONDEMO\DEBUG\DUIVISIONDEMO.2010D.EXE.EMBED.MANIFEST.RES
C:\WORK\TRUNK\ENDPOINTPRODUCT\STORAGEDLP\DUIVISIONDEMOS\DUIVISIONDEMO-20161218\DUIVISIONDEMO\DEBUG\DUIVISIONDEMO.2010D.EXE.INTERMEDIATE.MANIFEST
C:\WORK\TRUNK\ENDPOINTPRODUCT\STORAGEDLP\DUIVISIONDEMOS\DUIVISIONDEMO-20161218\DUIVISIONDEMO\DEBUG\DUIVISIONDEMO.2010D.PCH
C:\work\trunk\EndpointProduct\storageDLP\DuiVisionDemos\DuiVisionDemo-20161218\DuiVisionDemo\Debug\DuiVisionDemo.2010d_manifest.rc
C:\WORK\TRUNK\ENDPOINTPRODUCT\STORAGEDLP\DUIVISIONDEMOS\DUIVISIONDEMO-20161218\DUIVISIONDEMO\DEBUG\DUIVISIONDEMO.OBJ
C:\WORK\TRUNK\ENDPOINTPRODUCT\STORAGEDLP\DUIVISIONDEMOS\DUIVISIONDEMO-20161218\DUIVISIONDEMO\DEBUG\DUIVISIONDEMO.RES
C:\work\trunk\EndpointProduct\storageDLP\DuiVisionDemos\DuiVisionDemo-20161218\DuiVisionDemo\Debug\link.command.1.tlog
C:\work\trunk\EndpointProduct\storageDLP\DuiVisionDemos\DuiVisionDemo-20161218\DuiVisionDemo\Debug\link.read.1.tlog
C:\work\trunk\EndpointProduct\storageDLP\DuiVisionDemos\DuiVisionDemo-20161218\DuiVisionDemo\Debug\link.write.1.tlog
C:\work\trunk\EndpointProduct\storageDLP\DuiVisionDemos\DuiVisionDemo-20161218\DuiVisionDemo\Debug\link-cvtres.read.1.tlog
C:\work\trunk\EndpointProduct\storageDLP\DuiVisionDemos\DuiVisionDemo-20161218\DuiVisionDemo\Debug\link-cvtres.write.1.tlog
C:\WORK\TRUNK\ENDPOINTPRODUCT\STORAGEDLP\DUIVISIONDEMOS\DUIVISIONDEMO-20161218\DUIVISIONDEMO\DEBUG\MFCDATETIME.OBJ
C:\work\trunk\EndpointProduct\storageDLP\DuiVisionDemos\DuiVisionDemo-20161218\DuiVisionDemo\Debug\mt.command.1.tlog
C:\work\trunk\EndpointProduct\storageDLP\DuiVisionDemos\DuiVisionDemo-20161218\DuiVisionDemo\Debug\mt.read.1.tlog
C:\work\trunk\EndpointProduct\storageDLP\DuiVisionDemos\DuiVisionDemo-20161218\DuiVisionDemo\Debug\mt.write.1.tlog
C:\work\trunk\EndpointProduct\storageDLP\DuiVisionDemos\DuiVisionDemo-20161218\DuiVisionDemo\Debug\rc.command.1.tlog
C:\work\trunk\EndpointProduct\storageDLP\DuiVisionDemos\DuiVisionDemo-20161218\DuiVisionDemo\Debug\rc.read.1.tlog
C:\work\trunk\EndpointProduct\storageDLP\DuiVisionDemos\DuiVisionDemo-20161218\DuiVisionDemo\Debug\rc.write.1.tlog
C:\WORK\TRUNK\ENDPOINTPRODUCT\STORAGEDLP\DUIVISIONDEMOS\DUIVISIONDEMO-20161218\DUIVISIONDEMO\DEBUG\STDAFX.OBJ
C:\work\trunk\EndpointProduct\storageDLP\DuiVisionDemos\DuiVisionDemo-20161218\DuiVisionDemo\Debug\vc100.idb
C:\WORK\TRUNK\ENDPOINTPRODUCT\STORAGEDLP\DUIVISIONDEMOS\DUIVISIONDEMO-20161218\DUIVISIONDEMO\DEBUG\VC100.PDB
