生成启动时间为 2018/3/28 13:50:01。
     1>项目“C:\work\trunk\EndpointProduct\storageDLP\DuiVisionDemos\DuiVisionDemo-20161218\DuiVisionDemo\DuiVisionDemo.2010.vcxproj”在节点 2 上(rebuild 个目标)。
     1>_PrepareForClean:
         正在删除文件“Debug\DuiVisionDemo.2010.lastbuildstate”。
       InitializeBuildStatus:
         正在创建“Debug\DuiVisionDemo.2010.unsuccessfulbuild”，因为已指定“AlwaysCreate”。
       ClCompile:
         C:\Program Files (x86)\Microsoft Visual Studio 10.0\VC\bin\CL.exe /c /I..\DuiVision\include /I..\DuiVision\common /ZI /nologo /W3 /WX- /Od /Oy- /D WIN32 /D _WINDOWS /D _DEBUG /D _UNICODE /D UNICODE /D _AFXDLL /Gm /EHsc /RTC1 /MDd /GS /fp:precise /Zc:wchar_t /Zc:forScope /Yc"StdAfx.h" /Fp"Debug\DuiVisionDemo.2010d.pch" /Fo"Debug\\" /Fd"Debug\vc100.pdb" /Gd /TP /analyze- /errorReport:prompt stdafx.cpp
         stdafx.cpp
         C:\Program Files (x86)\Microsoft Visual Studio 10.0\VC\bin\CL.exe /c /I..\DuiVision\include /I..\DuiVision\common /ZI /nologo /W3 /WX- /Od /Oy- /D WIN32 /D _WINDOWS /D _DEBUG /D _UNICODE /D UNICODE /D _AFXDLL /Gm /EHsc /RTC1 /MDd /GS /fp:precise /Zc:wchar_t /Zc:forScope /Yu"StdAfx.h" /Fp"Debug\DuiVisionDemo.2010d.pch" /Fo"Debug\\" /Fd"Debug\vc100.pdb" /Gd /TP /analyze- /errorReport:prompt DuiControlEx\MFCDateTime.cpp DuiHandlerMain.cpp DuiVisionDemo.cpp
         DuiVisionDemo.cpp
         DuiHandlerMain.cpp
         MFCDateTime.cpp
         正在生成代码...
       ResourceCompile:
         C:\Program Files (x86)\Microsoft SDKs\Windows\v7.0A\bin\rc.exe /D _DEBUG /D _UNICODE /D UNICODE /D _AFXDLL /l"0x0804" /IDebug\ /nologo /fo"Debug\DuiVisionDemo.res" DuiVisionDemo.rc 
       ManifestResourceCompile:
         C:\Program Files (x86)\Microsoft SDKs\Windows\v7.0A\bin\rc.exe /nologo /fo"Debug\DuiVisionDemo.2010d.exe.embed.manifest.res" Debug\DuiVisionDemo.2010d_manifest.rc 
       Link:
         C:\Program Files (x86)\Microsoft Visual Studio 10.0\VC\bin\link.exe /ERRORREPORT:PROMPT /OUT:"C:\work\trunk\EndpointProduct\storageDLP\DuiVisionDemos\DuiVisionDemo-20161218\bin\DuiVisionDemo.2010d.exe" /INCREMENTAL /NOLOGO /LIBPATH:../Lib /LIBPATH:"../DuiVision/third-part/wke" DuiVision.2010d.lib wke.lib /MANIFEST /ManifestFile:"Debug\DuiVisionDemo.2010d.exe.intermediate.manifest" /MANIFESTUAC:"level='asInvoker' uiAccess='false'" /DEBUG /PDB:"C:\work\trunk\EndpointProduct\storageDLP\DuiVisionDemos\DuiVisionDemo-20161218\bin\DuiVisionDemo.2010d.pdb" /SUBSYSTEM:WINDOWS /TLBID:1 /ENTRY:"wWinMainCRTStartup" /DYNAMICBASE /NXCOMPAT /IMPLIB:"C:\work\trunk\EndpointProduct\storageDLP\DuiVisionDemos\DuiVisionDemo-20161218\bin\DuiVisionDemo.2010d.lib" /MACHINE:X86 Debug\DuiVisionDemo.res
         Debug\DuiVisionDemo.2010d.exe.embed.manifest.res
         Debug\MFCDateTime.obj
         Debug\DuiHandlerMain.obj
         Debug\DuiVisionDemo.obj
         Debug\stdafx.obj
       Manifest:
         正在删除文件“Debug\DuiVisionDemo.2010d.exe.embed.manifest”。
         C:\Program Files (x86)\Microsoft SDKs\Windows\v7.0A\bin\mt.exe /nologo /verbose /out:"Debug\DuiVisionDemo.2010d.exe.embed.manifest" /manifest Debug\DuiVisionDemo.2010d.exe.intermediate.manifest "C:\Program Files (x86)\Microsoft Visual Studio 10.0\VC\Include\Manifest\dpiaware.manifest"
         C:\Program Files (x86)\Microsoft SDKs\Windows\v7.0A\bin\rc.exe /nologo /fo"Debug\DuiVisionDemo.2010d.exe.embed.manifest.res" Debug\DuiVisionDemo.2010d_manifest.rc 
       LinkEmbedManifest:
         C:\Program Files (x86)\Microsoft Visual Studio 10.0\VC\bin\link.exe /ERRORREPORT:PROMPT /OUT:"C:\work\trunk\EndpointProduct\storageDLP\DuiVisionDemos\DuiVisionDemo-20161218\bin\DuiVisionDemo.2010d.exe" /INCREMENTAL /NOLOGO /LIBPATH:../Lib /LIBPATH:"../DuiVision/third-part/wke" DuiVision.2010d.lib wke.lib /MANIFEST /ManifestFile:"Debug\DuiVisionDemo.2010d.exe.intermediate.manifest" /MANIFESTUAC:"level='asInvoker' uiAccess='false'" /DEBUG /PDB:"C:\work\trunk\EndpointProduct\storageDLP\DuiVisionDemos\DuiVisionDemo-20161218\bin\DuiVisionDemo.2010d.pdb" /SUBSYSTEM:WINDOWS /TLBID:1 /ENTRY:"wWinMainCRTStartup" /DYNAMICBASE /NXCOMPAT /IMPLIB:"C:\work\trunk\EndpointProduct\storageDLP\DuiVisionDemos\DuiVisionDemo-20161218\bin\DuiVisionDemo.2010d.lib" /MACHINE:X86 Debug\DuiVisionDemo.res
         Debug\DuiVisionDemo.2010d.exe.embed.manifest.res
         Debug\MFCDateTime.obj
         Debug\DuiHandlerMain.obj
         Debug\DuiVisionDemo.obj
         Debug\stdafx.obj
         DuiVisionDemo.2010.vcxproj -> C:\work\trunk\EndpointProduct\storageDLP\DuiVisionDemos\DuiVisionDemo-20161218\bin\DuiVisionDemo.2010d.exe
       FinalizeBuildStatus:
         正在删除文件“Debug\DuiVisionDemo.2010.unsuccessfulbuild”。
         正在对“Debug\DuiVisionDemo.2010.lastbuildstate”执行 Touch 任务。
     1>已完成生成项目“C:\work\trunk\EndpointProduct\storageDLP\DuiVisionDemos\DuiVisionDemo-20161218\DuiVisionDemo\DuiVisionDemo.2010.vcxproj”(rebuild 个目标)的操作。

生成成功。

已用时间 00:00:07.76
