C:\work\trunk\EndpointProduct\storageDLP\DLPdemo01\SendToCheck\x64\Release\cl.command.1.tlog
C:\work\trunk\EndpointProduct\storageDLP\DLPdemo01\SendToCheck\x64\Release\CL.read.1.tlog
C:\work\trunk\EndpointProduct\storageDLP\DLPdemo01\SendToCheck\x64\Release\CL.write.1.tlog
C:\work\trunk\EndpointProduct\storageDLP\DLPdemo01\SendToCheck\x64\Release\DirectoryChange.obj
C:\work\trunk\EndpointProduct\storageDLP\DLPdemo01\SendToCheck\x64\Release\dllmain.obj
C:\work\trunk\EndpointProduct\storageDLP\DLPdemo01\SendToCheck\x64\Release\link.command.1.tlog
C:\work\trunk\EndpointProduct\storageDLP\DLPdemo01\SendToCheck\x64\Release\link.read.1.tlog
C:\work\trunk\EndpointProduct\storageDLP\DLPdemo01\SendToCheck\x64\Release\link.write.1.tlog
C:\work\trunk\EndpointProduct\storageDLP\DLPdemo01\SendToCheck\x64\Release\msxml6.tlh
C:\work\trunk\EndpointProduct\storageDLP\DLPdemo01\SendToCheck\x64\Release\msxml6.tli
C:\work\trunk\EndpointProduct\storageDLP\DLPdemo01\SendToCheck\x64\Release\mt.command.1.tlog
C:\work\trunk\EndpointProduct\storageDLP\DLPdemo01\SendToCheck\x64\Release\mt.read.1.tlog
C:\work\trunk\EndpointProduct\storageDLP\DLPdemo01\SendToCheck\x64\Release\mt.write.1.tlog
C:\work\trunk\EndpointProduct\storageDLP\DLPdemo01\SendToCheck\x64\Release\OnReceive.obj
C:\work\trunk\EndpointProduct\storageDLP\DLPdemo01\SendToCheck\x64\Release\SendToCheck.dll.intermediate.manifest
C:\work\trunk\EndpointProduct\storageDLP\DLPdemo01\SendToCheck\x64\Release\SendToCheck.obj
C:\work\trunk\EndpointProduct\storageDLP\DLPdemo01\SendToCheck\x64\Release\SendToCheck.write.1.tlog
C:\work\trunk\EndpointProduct\storageDLP\DLPdemo01\SendToCheck\x64\Release\sqlite3.obj
C:\work\trunk\EndpointProduct\storageDLP\DLPdemo01\SendToCheck\x64\Release\stdafx.obj
C:\work\trunk\EndpointProduct\storageDLP\DLPdemo01\SendToCheck\x64\Release\vc100.pdb
C:\work\trunk\EndpointProduct\storageDLP\DLPdemo01\x64\Release\SendToCheck.dll
C:\work\trunk\EndpointProduct\storageDLP\DLPdemo01\x64\Release\SendToCheck.pdb
C:\WORK\TRUNK\ENDPOINTPRODUCT\STORAGEDLP\TESTJSON - COPY1\SENDTOCHECK\X64\RELEASE\DIRECTORYCHANGE.OBJ
C:\WORK\TRUNK\ENDPOINTPRODUCT\STORAGEDLP\TESTJSON - COPY1\SENDTOCHECK\X64\RELEASE\DLLMAIN.OBJ
C:\WORK\TRUNK\ENDPOINTPRODUCT\STORAGEDLP\TESTJSON - COPY1\SENDTOCHECK\X64\RELEASE\ONRECEIVE.OBJ
C:\WORK\TRUNK\ENDPOINTPRODUCT\STORAGEDLP\TESTJSON - COPY1\SENDTOCHECK\X64\RELEASE\SENDTOCHECK.DLL.INTERMEDIATE.MANIFEST
C:\WORK\TRUNK\ENDPOINTPRODUCT\STORAGEDLP\TESTJSON - COPY1\SENDTOCHECK\X64\RELEASE\SENDTOCHECK.OBJ
C:\WORK\TRUNK\ENDPOINTPRODUCT\STORAGEDLP\TESTJSON - COPY1\SENDTOCHECK\X64\RELEASE\SQLITE3.OBJ
C:\WORK\TRUNK\ENDPOINTPRODUCT\STORAGEDLP\TESTJSON - COPY1\SENDTOCHECK\X64\RELEASE\STDAFX.OBJ
C:\WORK\TRUNK\ENDPOINTPRODUCT\STORAGEDLP\TESTJSON - COPY1\SENDTOCHECK\X64\RELEASE\VC100.PDB
C:\WORK\TRUNK\ENDPOINTPRODUCT\STORAGEDLP\TESTJSON - COPY1\X64\RELEASE\SENDTOCHECK.DLL
C:\work\trunk\EndpointProduct\storageDLP\TestJSON - copy1\x64\Release\SendToCheck.exp
C:\work\trunk\EndpointProduct\storageDLP\TestJSON - copy1\x64\Release\SendToCheck.lib
C:\WORK\TRUNK\ENDPOINTPRODUCT\STORAGEDLP\TESTJSON - COPY1\X64\RELEASE\SENDTOCHECK.PDB
